{"C:\\Users\\manua\\Desktop\\Utad\\3º(España)\\ProgramacionWebII\\proyecto\\src\\app.js": {"path":"C:\\Users\\manua\\Desktop\\Utad\\3º(España)\\ProgramacionWebII\\proyecto\\src\\app.js","statementMap":{"0":{"start":{"line":19,"column":19},"end":{"line":19,"column":49}},"1":{"start":{"line":20,"column":18},"end":{"line":20,"column":42}},"2":{"start":{"line":23,"column":12},"end":{"line":23,"column":21}},"3":{"start":{"line":25,"column":0},"end":{"line":25,"column":17}},"4":{"start":{"line":27,"column":0},"end":{"line":27,"column":15}},"5":{"start":{"line":29,"column":0},"end":{"line":33,"column":3}},"6":{"start":{"line":35,"column":0},"end":{"line":35,"column":24}},"7":{"start":{"line":37,"column":0},"end":{"line":37,"column":40}},"8":{"start":{"line":39,"column":0},"end":{"line":47,"column":2}},"9":{"start":{"line":40,"column":18},"end":{"line":40,"column":48}},"10":{"start":{"line":41,"column":2},"end":{"line":46,"column":5}},"11":{"start":{"line":49,"column":0},"end":{"line":49,"column":67}},"12":{"start":{"line":51,"column":0},"end":{"line":51,"column":72}},"13":{"start":{"line":53,"column":0},"end":{"line":53,"column":32}},"14":{"start":{"line":54,"column":0},"end":{"line":54,"column":36}},"15":{"start":{"line":55,"column":0},"end":{"line":55,"column":38}},"16":{"start":{"line":56,"column":0},"end":{"line":56,"column":48}},"17":{"start":{"line":58,"column":0},"end":{"line":60,"column":2}},"18":{"start":{"line":59,"column":2},"end":{"line":59,"column":66}},"19":{"start":{"line":62,"column":0},"end":{"line":81,"column":2}},"20":{"start":{"line":64,"column":2},"end":{"line":67,"column":3}},"21":{"start":{"line":65,"column":18},"end":{"line":65,"column":63}},"22":{"start":{"line":66,"column":4},"end":{"line":66,"column":88}},"23":{"start":{"line":69,"column":17},"end":{"line":69,"column":38}},"24":{"start":{"line":70,"column":18},"end":{"line":70,"column":61}},"25":{"start":{"line":72,"column":2},"end":{"line":74,"column":3}},"26":{"start":{"line":73,"column":4},"end":{"line":73,"column":29}},"27":{"start":{"line":76,"column":2},"end":{"line":80,"column":4}}},"fnMap":{"0":{"name":"(anonymous_0)","decl":{"start":{"line":39,"column":23},"end":{"line":39,"column":24}},"loc":{"start":{"line":39,"column":37},"end":{"line":47,"column":1}},"line":39},"1":{"name":"(anonymous_1)","decl":{"start":{"line":58,"column":8},"end":{"line":58,"column":9}},"loc":{"start":{"line":58,"column":28},"end":{"line":60,"column":1}},"line":58},"2":{"name":"(anonymous_2)","decl":{"start":{"line":62,"column":8},"end":{"line":62,"column":9}},"loc":{"start":{"line":62,"column":33},"end":{"line":81,"column":1}},"line":62}},"branchMap":{"0":{"loc":{"start":{"line":43,"column":8},"end":{"line":43,"column":52}},"type":"cond-expr","locations":[{"start":{"line":43,"column":24},"end":{"line":43,"column":35}},{"start":{"line":43,"column":38},"end":{"line":43,"column":52}}],"line":43},"1":{"loc":{"start":{"line":64,"column":2},"end":{"line":67,"column":3}},"type":"if","locations":[{"start":{"line":64,"column":2},"end":{"line":67,"column":3}},{"start":{},"end":{}}],"line":64},"2":{"loc":{"start":{"line":65,"column":18},"end":{"line":65,"column":63}},"type":"binary-expr","locations":[{"start":{"line":65,"column":18},"end":{"line":65,"column":52}},{"start":{"line":65,"column":56},"end":{"line":65,"column":63}}],"line":65},"3":{"loc":{"start":{"line":65,"column":30},"end":{"line":65,"column":48}},"type":"binary-expr","locations":[{"start":{"line":65,"column":30},"end":{"line":65,"column":42}},{"start":{"line":65,"column":46},"end":{"line":65,"column":48}}],"line":65},"4":{"loc":{"start":{"line":69,"column":17},"end":{"line":69,"column":38}},"type":"binary-expr","locations":[{"start":{"line":69,"column":17},"end":{"line":69,"column":31}},{"start":{"line":69,"column":35},"end":{"line":69,"column":38}}],"line":69},"5":{"loc":{"start":{"line":70,"column":18},"end":{"line":70,"column":61}},"type":"binary-expr","locations":[{"start":{"line":70,"column":18},"end":{"line":70,"column":29}},{"start":{"line":70,"column":33},"end":{"line":70,"column":61}}],"line":70},"6":{"loc":{"start":{"line":72,"column":2},"end":{"line":74,"column":3}},"type":"if","locations":[{"start":{"line":72,"column":2},"end":{"line":74,"column":3}},{"start":{},"end":{}}],"line":72},"7":{"loc":{"start":{"line":79,"column":8},"end":{"line":79,"column":70}},"type":"binary-expr","locations":[{"start":{"line":79,"column":8},"end":{"line":79,"column":46}},{"start":{"line":79,"column":50},"end":{"line":79,"column":70}}],"line":79}},"s":{"0":4,"1":4,"2":4,"3":4,"4":4,"5":4,"6":4,"7":4,"8":4,"9":1,"10":1,"11":4,"12":4,"13":4,"14":4,"15":4,"16":4,"17":4,"18":1,"19":4,"20":37,"21":1,"22":1,"23":36,"24":36,"25":36,"26":1,"27":36},"f":{"0":1,"1":1,"2":37},"b":{"0":[1,0],"1":[1,36],"2":[1,0],"3":[1,0],"4":[36,1],"5":[36,0],"6":[1,35],"7":[36,1]},"inputSourceMap":null,"_coverageSchema":"1a1c01bbd47fc00a2c39e90264f33305004495a9","hash":"2670e18622d4faa6b78912b6ba9e2b0184a86353"}
,"C:\\Users\\manua\\Desktop\\Utad\\3º(España)\\ProgramacionWebII\\proyecto\\src\\socket.js": {"path":"C:\\Users\\manua\\Desktop\\Utad\\3º(España)\\ProgramacionWebII\\proyecto\\src\\socket.js","statementMap":{"0":{"start":{"line":7,"column":26},"end":{"line":41,"column":1}},"1":{"start":{"line":8,"column":2},"end":{"line":10,"column":5}},"2":{"start":{"line":13,"column":2},"end":{"line":27,"column":5}},"3":{"start":{"line":14,"column":4},"end":{"line":26,"column":5}},"4":{"start":{"line":15,"column":20},"end":{"line":15,"column":48}},"5":{"start":{"line":16,"column":6},"end":{"line":16,"column":60}},"6":{"start":{"line":16,"column":18},"end":{"line":16,"column":60}},"7":{"start":{"line":18,"column":22},"end":{"line":18,"column":40}},"8":{"start":{"line":19,"column":19},"end":{"line":19,"column":51}},"9":{"start":{"line":20,"column":6},"end":{"line":20,"column":81}},"10":{"start":{"line":20,"column":33},"end":{"line":20,"column":81}},"11":{"start":{"line":22,"column":6},"end":{"line":22,"column":25}},"12":{"start":{"line":23,"column":6},"end":{"line":23,"column":13}},"13":{"start":{"line":25,"column":6},"end":{"line":25,"column":40}},"14":{"start":{"line":29,"column":2},"end":{"line":38,"column":5}},"15":{"start":{"line":30,"column":22},"end":{"line":30,"column":53}},"16":{"start":{"line":33,"column":4},"end":{"line":35,"column":5}},"17":{"start":{"line":34,"column":6},"end":{"line":34,"column":29}},"18":{"start":{"line":37,"column":4},"end":{"line":37,"column":38}},"19":{"start":{"line":40,"column":2},"end":{"line":40,"column":12}},"20":{"start":{"line":44,"column":21},"end":{"line":53,"column":1}},"21":{"start":{"line":45,"column":2},"end":{"line":51,"column":3}},"22":{"start":{"line":47,"column":4},"end":{"line":49,"column":5}},"23":{"start":{"line":48,"column":6},"end":{"line":48,"column":48}},"24":{"start":{"line":48,"column":26},"end":{"line":48,"column":44}},"25":{"start":{"line":50,"column":4},"end":{"line":50,"column":49}},"26":{"start":{"line":52,"column":2},"end":{"line":52,"column":12}}},"fnMap":{"0":{"name":"(anonymous_0)","decl":{"start":{"line":7,"column":26},"end":{"line":7,"column":27}},"loc":{"start":{"line":7,"column":42},"end":{"line":41,"column":1}},"line":7},"1":{"name":"(anonymous_1)","decl":{"start":{"line":13,"column":9},"end":{"line":13,"column":10}},"loc":{"start":{"line":13,"column":33},"end":{"line":27,"column":3}},"line":13},"2":{"name":"(anonymous_2)","decl":{"start":{"line":29,"column":22},"end":{"line":29,"column":23}},"loc":{"start":{"line":29,"column":34},"end":{"line":38,"column":3}},"line":29},"3":{"name":"(anonymous_3)","decl":{"start":{"line":37,"column":28},"end":{"line":37,"column":29}},"loc":{"start":{"line":37,"column":34},"end":{"line":37,"column":36}},"line":37},"4":{"name":"(anonymous_4)","decl":{"start":{"line":44,"column":21},"end":{"line":44,"column":22}},"loc":{"start":{"line":44,"column":27},"end":{"line":53,"column":1}},"line":44},"5":{"name":"(anonymous_5)","decl":{"start":{"line":48,"column":19},"end":{"line":48,"column":20}},"loc":{"start":{"line":48,"column":26},"end":{"line":48,"column":44}},"line":48},"6":{"name":"(anonymous_6)","decl":{"start":{"line":48,"column":34},"end":{"line":48,"column":35}},"loc":{"start":{"line":48,"column":40},"end":{"line":48,"column":42}},"line":48}},"branchMap":{"0":{"loc":{"start":{"line":16,"column":6},"end":{"line":16,"column":60}},"type":"if","locations":[{"start":{"line":16,"column":6},"end":{"line":16,"column":60}},{"start":{},"end":{}}],"line":16},"1":{"loc":{"start":{"line":20,"column":6},"end":{"line":20,"column":81}},"type":"if","locations":[{"start":{"line":20,"column":6},"end":{"line":20,"column":81}},{"start":{},"end":{}}],"line":20},"2":{"loc":{"start":{"line":20,"column":10},"end":{"line":20,"column":31}},"type":"binary-expr","locations":[{"start":{"line":20,"column":10},"end":{"line":20,"column":15}},{"start":{"line":20,"column":19},"end":{"line":20,"column":31}}],"line":20},"3":{"loc":{"start":{"line":33,"column":4},"end":{"line":35,"column":5}},"type":"if","locations":[{"start":{"line":33,"column":4},"end":{"line":35,"column":5}},{"start":{},"end":{}}],"line":33},"4":{"loc":{"start":{"line":45,"column":2},"end":{"line":51,"column":3}},"type":"if","locations":[{"start":{"line":45,"column":2},"end":{"line":51,"column":3}},{"start":{},"end":{}}],"line":45},"5":{"loc":{"start":{"line":47,"column":4},"end":{"line":49,"column":5}},"type":"if","locations":[{"start":{"line":47,"column":4},"end":{"line":49,"column":5}},{"start":{},"end":{}}],"line":47}},"s":{"0":5,"1":1,"2":1,"3":5,"4":5,"5":5,"6":1,"7":4,"8":3,"9":3,"10":2,"11":1,"12":1,"13":1,"14":1,"15":2,"16":2,"17":1,"18":2,"19":1,"20":5,"21":12,"22":11,"23":10,"24":10,"25":1,"26":1},"f":{"0":1,"1":5,"2":2,"3":0,"4":12,"5":10,"6":10},"b":{"0":[1,4],"1":[2,1],"2":[3,2],"3":[1,1],"4":[11,1],"5":[10,1]},"inputSourceMap":null,"_coverageSchema":"1a1c01bbd47fc00a2c39e90264f33305004495a9","hash":"8b518daed385e7f8272115aa531f5a029a358ade"}
,"C:\\Users\\manua\\Desktop\\Utad\\3º(España)\\ProgramacionWebII\\proyecto\\src\\config\\index.js": {"path":"C:\\Users\\manua\\Desktop\\Utad\\3º(España)\\ProgramacionWebII\\proyecto\\src\\config\\index.js","statementMap":{"0":{"start":{"line":1,"column":15},"end":{"line":20,"column":1}}},"fnMap":{},"branchMap":{"0":{"loc":{"start":{"line":2,"column":8},"end":{"line":2,"column":32}},"type":"binary-expr","locations":[{"start":{"line":2,"column":8},"end":{"line":2,"column":24}},{"start":{"line":2,"column":28},"end":{"line":2,"column":32}}],"line":2},"1":{"loc":{"start":{"line":6,"column":16},"end":{"line":6,"column":51}},"type":"binary-expr","locations":[{"start":{"line":6,"column":16},"end":{"line":6,"column":42}},{"start":{"line":6,"column":46},"end":{"line":6,"column":51}}],"line":6},"2":{"loc":{"start":{"line":7,"column":23},"end":{"line":7,"column":65}},"type":"binary-expr","locations":[{"start":{"line":7,"column":23},"end":{"line":7,"column":57}},{"start":{"line":7,"column":61},"end":{"line":7,"column":65}}],"line":7},"3":{"loc":{"start":{"line":9,"column":10},"end":{"line":9,"column":53}},"type":"binary-expr","locations":[{"start":{"line":9,"column":10},"end":{"line":9,"column":31}},{"start":{"line":9,"column":35},"end":{"line":9,"column":53}}],"line":9},"4":{"loc":{"start":{"line":10,"column":10},"end":{"line":10,"column":46}},"type":"binary-expr","locations":[{"start":{"line":10,"column":10},"end":{"line":10,"column":39}},{"start":{"line":10,"column":43},"end":{"line":10,"column":46}}],"line":10},"5":{"loc":{"start":{"line":13,"column":10},"end":{"line":13,"column":68}},"type":"binary-expr","locations":[{"start":{"line":13,"column":10},"end":{"line":13,"column":31}},{"start":{"line":13,"column":35},"end":{"line":13,"column":68}}],"line":13}},"s":{"0":5},"f":{},"b":{"0":[5,5],"1":[5,0],"2":[5,0],"3":[5,5],"4":[5,5],"5":[5,5]},"inputSourceMap":null,"_coverageSchema":"1a1c01bbd47fc00a2c39e90264f33305004495a9","hash":"b070b02639e8e1f4aa7164354f78536e84e8b781"}
,"C:\\Users\\manua\\Desktop\\Utad\\3º(España)\\ProgramacionWebII\\proyecto\\src\\config\\swagger.js": {"path":"C:\\Users\\manua\\Desktop\\Utad\\3º(España)\\ProgramacionWebII\\proyecto\\src\\config\\swagger.js","statementMap":{"0":{"start":{"line":3,"column":16},"end":{"line":130,"column":1}},"1":{"start":{"line":132,"column":27},"end":{"line":132,"column":48}}},"fnMap":{},"branchMap":{},"s":{"0":4,"1":4},"f":{},"b":{},"inputSourceMap":null,"_coverageSchema":"1a1c01bbd47fc00a2c39e90264f33305004495a9","hash":"7a09b9d8fc62bc2c69b07d3e8dce92c039bfbf94"}
,"C:\\Users\\manua\\Desktop\\Utad\\3º(España)\\ProgramacionWebII\\proyecto\\src\\controllers\\client.controller.js": {"path":"C:\\Users\\manua\\Desktop\\Utad\\3º(España)\\ProgramacionWebII\\proyecto\\src\\controllers\\client.controller.js","statementMap":{"0":{"start":{"line":5,"column":28},"end":{"line":23,"column":1}},"1":{"start":{"line":6,"column":2},"end":{"line":22,"column":3}},"2":{"start":{"line":7,"column":49},"end":{"line":7,"column":57}},"3":{"start":{"line":8,"column":35},"end":{"line":8,"column":43}},"4":{"start":{"line":10,"column":4},"end":{"line":10,"column":85}},"5":{"start":{"line":10,"column":18},"end":{"line":10,"column":85}},"6":{"start":{"line":12,"column":21},"end":{"line":12,"column":75}},"7":{"start":{"line":13,"column":4},"end":{"line":13,"column":93}},"8":{"start":{"line":13,"column":18},"end":{"line":13,"column":93}},"9":{"start":{"line":15,"column":19},"end":{"line":15,"column":91}},"10":{"start":{"line":17,"column":4},"end":{"line":17,"column":66}},"11":{"start":{"line":19,"column":4},"end":{"line":19,"column":37}},"12":{"start":{"line":21,"column":4},"end":{"line":21,"column":16}},"13":{"start":{"line":25,"column":26},"end":{"line":51,"column":1}},"14":{"start":{"line":26,"column":2},"end":{"line":50,"column":3}},"15":{"start":{"line":27,"column":24},"end":{"line":27,"column":32}},"16":{"start":{"line":28,"column":4},"end":{"line":28,"column":85}},"17":{"start":{"line":28,"column":18},"end":{"line":28,"column":85}},"18":{"start":{"line":30,"column":64},"end":{"line":30,"column":73}},"19":{"start":{"line":32,"column":19},"end":{"line":32,"column":46}},"20":{"start":{"line":33,"column":4},"end":{"line":33,"column":60}},"21":{"start":{"line":33,"column":14},"end":{"line":33,"column":60}},"22":{"start":{"line":35,"column":17},"end":{"line":35,"column":51}},"23":{"start":{"line":37,"column":34},"end":{"line":40,"column":6}},"24":{"start":{"line":42,"column":4},"end":{"line":47,"column":7}},"25":{"start":{"line":49,"column":4},"end":{"line":49,"column":16}},"26":{"start":{"line":53,"column":25},"end":{"line":62,"column":1}},"27":{"start":{"line":54,"column":2},"end":{"line":61,"column":3}},"28":{"start":{"line":55,"column":24},"end":{"line":55,"column":32}},"29":{"start":{"line":56,"column":19},"end":{"line":56,"column":88}},"30":{"start":{"line":57,"column":4},"end":{"line":57,"column":66}},"31":{"start":{"line":57,"column":17},"end":{"line":57,"column":66}},"32":{"start":{"line":58,"column":4},"end":{"line":58,"column":25}},"33":{"start":{"line":60,"column":4},"end":{"line":60,"column":16}},"34":{"start":{"line":64,"column":28},"end":{"line":79,"column":1}},"35":{"start":{"line":65,"column":2},"end":{"line":78,"column":3}},"36":{"start":{"line":66,"column":24},"end":{"line":66,"column":32}},"37":{"start":{"line":68,"column":19},"end":{"line":72,"column":5}},"38":{"start":{"line":73,"column":4},"end":{"line":73,"column":66}},"39":{"start":{"line":73,"column":17},"end":{"line":73,"column":66}},"40":{"start":{"line":75,"column":4},"end":{"line":75,"column":25}},"41":{"start":{"line":77,"column":4},"end":{"line":77,"column":16}},"42":{"start":{"line":81,"column":28},"end":{"line":103,"column":1}},"43":{"start":{"line":82,"column":2},"end":{"line":102,"column":3}},"44":{"start":{"line":83,"column":24},"end":{"line":83,"column":32}},"45":{"start":{"line":84,"column":17},"end":{"line":84,"column":42}},"46":{"start":{"line":86,"column":4},"end":{"line":94,"column":5}},"47":{"start":{"line":87,"column":21},"end":{"line":91,"column":7}},"48":{"start":{"line":92,"column":6},"end":{"line":92,"column":68}},"49":{"start":{"line":92,"column":19},"end":{"line":92,"column":68}},"50":{"start":{"line":93,"column":6},"end":{"line":93,"column":70}},"51":{"start":{"line":96,"column":19},"end":{"line":96,"column":81}},"52":{"start":{"line":97,"column":4},"end":{"line":97,"column":66}},"53":{"start":{"line":97,"column":17},"end":{"line":97,"column":66}},"54":{"start":{"line":99,"column":4},"end":{"line":99,"column":63}},"55":{"start":{"line":101,"column":4},"end":{"line":101,"column":16}},"56":{"start":{"line":105,"column":34},"end":{"line":113,"column":1}},"57":{"start":{"line":106,"column":2},"end":{"line":112,"column":3}},"58":{"start":{"line":107,"column":24},"end":{"line":107,"column":32}},"59":{"start":{"line":108,"column":20},"end":{"line":108,"column":65}},"60":{"start":{"line":109,"column":4},"end":{"line":109,"column":26}},"61":{"start":{"line":111,"column":4},"end":{"line":111,"column":16}},"62":{"start":{"line":115,"column":29},"end":{"line":128,"column":1}},"63":{"start":{"line":116,"column":2},"end":{"line":127,"column":3}},"64":{"start":{"line":117,"column":24},"end":{"line":117,"column":32}},"65":{"start":{"line":118,"column":19},"end":{"line":122,"column":5}},"66":{"start":{"line":123,"column":4},"end":{"line":123,"column":76}},"67":{"start":{"line":123,"column":17},"end":{"line":123,"column":76}},"68":{"start":{"line":124,"column":4},"end":{"line":124,"column":25}},"69":{"start":{"line":126,"column":4},"end":{"line":126,"column":16}}},"fnMap":{"0":{"name":"(anonymous_0)","decl":{"start":{"line":5,"column":28},"end":{"line":5,"column":29}},"loc":{"start":{"line":5,"column":54},"end":{"line":23,"column":1}},"line":5},"1":{"name":"(anonymous_1)","decl":{"start":{"line":25,"column":26},"end":{"line":25,"column":27}},"loc":{"start":{"line":25,"column":52},"end":{"line":51,"column":1}},"line":25},"2":{"name":"(anonymous_2)","decl":{"start":{"line":53,"column":25},"end":{"line":53,"column":26}},"loc":{"start":{"line":53,"column":51},"end":{"line":62,"column":1}},"line":53},"3":{"name":"(anonymous_3)","decl":{"start":{"line":64,"column":28},"end":{"line":64,"column":29}},"loc":{"start":{"line":64,"column":54},"end":{"line":79,"column":1}},"line":64},"4":{"name":"(anonymous_4)","decl":{"start":{"line":81,"column":28},"end":{"line":81,"column":29}},"loc":{"start":{"line":81,"column":54},"end":{"line":103,"column":1}},"line":81},"5":{"name":"(anonymous_5)","decl":{"start":{"line":105,"column":34},"end":{"line":105,"column":35}},"loc":{"start":{"line":105,"column":60},"end":{"line":113,"column":1}},"line":105},"6":{"name":"(anonymous_6)","decl":{"start":{"line":115,"column":29},"end":{"line":115,"column":30}},"loc":{"start":{"line":115,"column":55},"end":{"line":128,"column":1}},"line":115}},"branchMap":{"0":{"loc":{"start":{"line":10,"column":4},"end":{"line":10,"column":85}},"type":"if","locations":[{"start":{"line":10,"column":4},"end":{"line":10,"column":85}},{"start":{},"end":{}}],"line":10},"1":{"loc":{"start":{"line":13,"column":4},"end":{"line":13,"column":93}},"type":"if","locations":[{"start":{"line":13,"column":4},"end":{"line":13,"column":93}},{"start":{},"end":{}}],"line":13},"2":{"loc":{"start":{"line":28,"column":4},"end":{"line":28,"column":85}},"type":"if","locations":[{"start":{"line":28,"column":4},"end":{"line":28,"column":85}},{"start":{},"end":{}}],"line":28},"3":{"loc":{"start":{"line":30,"column":12},"end":{"line":30,"column":20}},"type":"default-arg","locations":[{"start":{"line":30,"column":19},"end":{"line":30,"column":20}}],"line":30},"4":{"loc":{"start":{"line":30,"column":22},"end":{"line":30,"column":32}},"type":"default-arg","locations":[{"start":{"line":30,"column":30},"end":{"line":30,"column":32}}],"line":30},"5":{"loc":{"start":{"line":30,"column":40},"end":{"line":30,"column":59}},"type":"default-arg","locations":[{"start":{"line":30,"column":47},"end":{"line":30,"column":59}}],"line":30},"6":{"loc":{"start":{"line":33,"column":4},"end":{"line":33,"column":60}},"type":"if","locations":[{"start":{"line":33,"column":4},"end":{"line":33,"column":60}},{"start":{},"end":{}}],"line":33},"7":{"loc":{"start":{"line":57,"column":4},"end":{"line":57,"column":66}},"type":"if","locations":[{"start":{"line":57,"column":4},"end":{"line":57,"column":66}},{"start":{},"end":{}}],"line":57},"8":{"loc":{"start":{"line":73,"column":4},"end":{"line":73,"column":66}},"type":"if","locations":[{"start":{"line":73,"column":4},"end":{"line":73,"column":66}},{"start":{},"end":{}}],"line":73},"9":{"loc":{"start":{"line":86,"column":4},"end":{"line":94,"column":5}},"type":"if","locations":[{"start":{"line":86,"column":4},"end":{"line":94,"column":5}},{"start":{},"end":{}}],"line":86},"10":{"loc":{"start":{"line":92,"column":6},"end":{"line":92,"column":68}},"type":"if","locations":[{"start":{"line":92,"column":6},"end":{"line":92,"column":68}},{"start":{},"end":{}}],"line":92},"11":{"loc":{"start":{"line":97,"column":4},"end":{"line":97,"column":66}},"type":"if","locations":[{"start":{"line":97,"column":4},"end":{"line":97,"column":66}},{"start":{},"end":{}}],"line":97},"12":{"loc":{"start":{"line":123,"column":4},"end":{"line":123,"column":76}},"type":"if","locations":[{"start":{"line":123,"column":4},"end":{"line":123,"column":76}},{"start":{},"end":{}}],"line":123}},"s":{"0":4,"1":5,"2":5,"3":5,"4":5,"5":0,"6":5,"7":5,"8":1,"9":4,"10":4,"11":4,"12":1,"13":4,"14":3,"15":3,"16":3,"17":0,"18":3,"19":3,"20":3,"21":1,"22":3,"23":3,"24":3,"25":0,"26":4,"27":2,"28":2,"29":2,"30":2,"31":1,"32":1,"33":1,"34":4,"35":2,"36":2,"37":2,"38":2,"39":1,"40":1,"41":1,"42":4,"43":4,"44":4,"45":4,"46":4,"47":2,"48":2,"49":1,"50":1,"51":2,"52":2,"53":1,"54":1,"55":2,"56":4,"57":1,"58":1,"59":1,"60":1,"61":0,"62":4,"63":2,"64":2,"65":2,"66":2,"67":1,"68":1,"69":1},"f":{"0":5,"1":3,"2":2,"3":2,"4":4,"5":1,"6":2},"b":{"0":[0,5],"1":[1,4],"2":[0,3],"3":[3],"4":[3],"5":[3],"6":[1,2],"7":[1,1],"8":[1,1],"9":[2,2],"10":[1,1],"11":[1,1],"12":[1,1]},"inputSourceMap":null,"_coverageSchema":"1a1c01bbd47fc00a2c39e90264f33305004495a9","hash":"b01d2d74662f47800ffbbc3d97605aabac23525e"}
,"C:\\Users\\manua\\Desktop\\Utad\\3º(España)\\ProgramacionWebII\\proyecto\\src\\controllers\\deliverynote.controller.js": {"path":"C:\\Users\\manua\\Desktop\\Utad\\3º(España)\\ProgramacionWebII\\proyecto\\src\\controllers\\deliverynote.controller.js","statementMap":{"0":{"start":{"line":10,"column":34},"end":{"line":33,"column":1}},"1":{"start":{"line":11,"column":2},"end":{"line":32,"column":3}},"2":{"start":{"line":12,"column":35},"end":{"line":12,"column":43}},"3":{"start":{"line":13,"column":4},"end":{"line":13,"column":85}},"4":{"start":{"line":13,"column":18},"end":{"line":13,"column":85}},"5":{"start":{"line":15,"column":53},"end":{"line":15,"column":61}},"6":{"start":{"line":17,"column":30},"end":{"line":20,"column":6}},"7":{"start":{"line":22,"column":4},"end":{"line":22,"column":83}},"8":{"start":{"line":22,"column":18},"end":{"line":22,"column":83}},"9":{"start":{"line":23,"column":4},"end":{"line":23,"column":81}},"10":{"start":{"line":23,"column":17},"end":{"line":23,"column":81}},"11":{"start":{"line":25,"column":25},"end":{"line":25,"column":82}},"12":{"start":{"line":27,"column":4},"end":{"line":27,"column":78}},"13":{"start":{"line":29,"column":4},"end":{"line":29,"column":43}},"14":{"start":{"line":31,"column":4},"end":{"line":31,"column":16}},"15":{"start":{"line":35,"column":32},"end":{"line":79,"column":1}},"16":{"start":{"line":36,"column":2},"end":{"line":78,"column":3}},"17":{"start":{"line":37,"column":24},"end":{"line":37,"column":32}},"18":{"start":{"line":38,"column":4},"end":{"line":38,"column":85}},"19":{"start":{"line":38,"column":18},"end":{"line":38,"column":85}},"20":{"start":{"line":45,"column":8},"end":{"line":45,"column":17}},"21":{"start":{"line":47,"column":19},"end":{"line":47,"column":46}},"22":{"start":{"line":48,"column":4},"end":{"line":48,"column":42}},"23":{"start":{"line":48,"column":17},"end":{"line":48,"column":42}},"24":{"start":{"line":49,"column":4},"end":{"line":49,"column":39}},"25":{"start":{"line":49,"column":16},"end":{"line":49,"column":39}},"26":{"start":{"line":50,"column":4},"end":{"line":50,"column":39}},"27":{"start":{"line":50,"column":16},"end":{"line":50,"column":39}},"28":{"start":{"line":51,"column":4},"end":{"line":51,"column":64}},"29":{"start":{"line":51,"column":30},"end":{"line":51,"column":64}},"30":{"start":{"line":52,"column":4},"end":{"line":56,"column":5}},"31":{"start":{"line":53,"column":6},"end":{"line":53,"column":27}},"32":{"start":{"line":54,"column":6},"end":{"line":54,"column":54}},"33":{"start":{"line":54,"column":16},"end":{"line":54,"column":54}},"34":{"start":{"line":55,"column":6},"end":{"line":55,"column":50}},"35":{"start":{"line":55,"column":14},"end":{"line":55,"column":50}},"36":{"start":{"line":58,"column":17},"end":{"line":58,"column":51}},"37":{"start":{"line":60,"column":40},"end":{"line":68,"column":6}},"38":{"start":{"line":70,"column":4},"end":{"line":75,"column":7}},"39":{"start":{"line":77,"column":4},"end":{"line":77,"column":16}},"40":{"start":{"line":81,"column":31},"end":{"line":96,"column":1}},"41":{"start":{"line":82,"column":2},"end":{"line":95,"column":3}},"42":{"start":{"line":83,"column":24},"end":{"line":83,"column":32}},"43":{"start":{"line":85,"column":25},"end":{"line":88,"column":66}},"44":{"start":{"line":90,"column":4},"end":{"line":90,"column":72}},"45":{"start":{"line":90,"column":23},"end":{"line":90,"column":72}},"46":{"start":{"line":92,"column":4},"end":{"line":92,"column":31}},"47":{"start":{"line":94,"column":4},"end":{"line":94,"column":16}},"48":{"start":{"line":98,"column":34},"end":{"line":115,"column":1}},"49":{"start":{"line":99,"column":2},"end":{"line":114,"column":3}},"50":{"start":{"line":100,"column":24},"end":{"line":100,"column":32}},"51":{"start":{"line":102,"column":25},"end":{"line":102,"column":100}},"52":{"start":{"line":103,"column":4},"end":{"line":103,"column":72}},"53":{"start":{"line":103,"column":23},"end":{"line":103,"column":72}},"54":{"start":{"line":105,"column":4},"end":{"line":107,"column":5}},"55":{"start":{"line":106,"column":6},"end":{"line":106,"column":75}},"56":{"start":{"line":109,"column":4},"end":{"line":109,"column":35}},"57":{"start":{"line":111,"column":4},"end":{"line":111,"column":61}},"58":{"start":{"line":113,"column":4},"end":{"line":113,"column":16}},"59":{"start":{"line":117,"column":32},"end":{"line":160,"column":1}},"60":{"start":{"line":118,"column":2},"end":{"line":159,"column":3}},"61":{"start":{"line":119,"column":24},"end":{"line":119,"column":32}},"62":{"start":{"line":120,"column":4},"end":{"line":120,"column":82}},"63":{"start":{"line":120,"column":19},"end":{"line":120,"column":82}},"64":{"start":{"line":122,"column":25},"end":{"line":126,"column":26}},"65":{"start":{"line":128,"column":4},"end":{"line":128,"column":72}},"66":{"start":{"line":128,"column":23},"end":{"line":128,"column":72}},"67":{"start":{"line":129,"column":4},"end":{"line":129,"column":85}},"68":{"start":{"line":129,"column":29},"end":{"line":129,"column":85}},"69":{"start":{"line":132,"column":31},"end":{"line":135,"column":17}},"70":{"start":{"line":137,"column":34},"end":{"line":137,"column":94}},"71":{"start":{"line":140,"column":4},"end":{"line":140,"column":31}},"72":{"start":{"line":141,"column":4},"end":{"line":141,"column":39}},"73":{"start":{"line":142,"column":4},"end":{"line":142,"column":45}},"74":{"start":{"line":145,"column":22},"end":{"line":145,"column":85}},"75":{"start":{"line":146,"column":28},"end":{"line":146,"column":71}},"76":{"start":{"line":148,"column":4},"end":{"line":148,"column":33}},"77":{"start":{"line":149,"column":4},"end":{"line":149,"column":30}},"78":{"start":{"line":151,"column":4},"end":{"line":154,"column":7}},"79":{"start":{"line":156,"column":4},"end":{"line":156,"column":81}},"80":{"start":{"line":158,"column":4},"end":{"line":158,"column":16}},"81":{"start":{"line":162,"column":34},"end":{"line":191,"column":1}},"82":{"start":{"line":163,"column":2},"end":{"line":190,"column":3}},"83":{"start":{"line":164,"column":24},"end":{"line":164,"column":32}},"84":{"start":{"line":166,"column":25},"end":{"line":170,"column":26}},"85":{"start":{"line":172,"column":4},"end":{"line":172,"column":72}},"86":{"start":{"line":172,"column":23},"end":{"line":172,"column":72}},"87":{"start":{"line":175,"column":4},"end":{"line":177,"column":5}},"88":{"start":{"line":176,"column":6},"end":{"line":176,"column":47}},"89":{"start":{"line":180,"column":22},"end":{"line":180,"column":65}},"90":{"start":{"line":182,"column":4},"end":{"line":186,"column":7}},"91":{"start":{"line":187,"column":4},"end":{"line":187,"column":24}},"92":{"start":{"line":189,"column":4},"end":{"line":189,"column":16}}},"fnMap":{"0":{"name":"(anonymous_0)","decl":{"start":{"line":10,"column":34},"end":{"line":10,"column":35}},"loc":{"start":{"line":10,"column":60},"end":{"line":33,"column":1}},"line":10},"1":{"name":"(anonymous_1)","decl":{"start":{"line":35,"column":32},"end":{"line":35,"column":33}},"loc":{"start":{"line":35,"column":58},"end":{"line":79,"column":1}},"line":35},"2":{"name":"(anonymous_2)","decl":{"start":{"line":81,"column":31},"end":{"line":81,"column":32}},"loc":{"start":{"line":81,"column":57},"end":{"line":96,"column":1}},"line":81},"3":{"name":"(anonymous_3)","decl":{"start":{"line":98,"column":34},"end":{"line":98,"column":35}},"loc":{"start":{"line":98,"column":60},"end":{"line":115,"column":1}},"line":98},"4":{"name":"(anonymous_4)","decl":{"start":{"line":117,"column":32},"end":{"line":117,"column":33}},"loc":{"start":{"line":117,"column":58},"end":{"line":160,"column":1}},"line":117},"5":{"name":"(anonymous_5)","decl":{"start":{"line":162,"column":34},"end":{"line":162,"column":35}},"loc":{"start":{"line":162,"column":60},"end":{"line":191,"column":1}},"line":162}},"branchMap":{"0":{"loc":{"start":{"line":13,"column":4},"end":{"line":13,"column":85}},"type":"if","locations":[{"start":{"line":13,"column":4},"end":{"line":13,"column":85}},{"start":{},"end":{}}],"line":13},"1":{"loc":{"start":{"line":22,"column":4},"end":{"line":22,"column":83}},"type":"if","locations":[{"start":{"line":22,"column":4},"end":{"line":22,"column":83}},{"start":{},"end":{}}],"line":22},"2":{"loc":{"start":{"line":23,"column":4},"end":{"line":23,"column":81}},"type":"if","locations":[{"start":{"line":23,"column":4},"end":{"line":23,"column":81}},{"start":{},"end":{}}],"line":23},"3":{"loc":{"start":{"line":38,"column":4},"end":{"line":38,"column":85}},"type":"if","locations":[{"start":{"line":38,"column":4},"end":{"line":38,"column":85}},{"start":{},"end":{}}],"line":38},"4":{"loc":{"start":{"line":41,"column":6},"end":{"line":41,"column":14}},"type":"default-arg","locations":[{"start":{"line":41,"column":13},"end":{"line":41,"column":14}}],"line":41},"5":{"loc":{"start":{"line":41,"column":16},"end":{"line":41,"column":26}},"type":"default-arg","locations":[{"start":{"line":41,"column":24},"end":{"line":41,"column":26}}],"line":41},"6":{"loc":{"start":{"line":44,"column":6},"end":{"line":44,"column":24}},"type":"default-arg","locations":[{"start":{"line":44,"column":13},"end":{"line":44,"column":24}}],"line":44},"7":{"loc":{"start":{"line":48,"column":4},"end":{"line":48,"column":42}},"type":"if","locations":[{"start":{"line":48,"column":4},"end":{"line":48,"column":42}},{"start":{},"end":{}}],"line":48},"8":{"loc":{"start":{"line":49,"column":4},"end":{"line":49,"column":39}},"type":"if","locations":[{"start":{"line":49,"column":4},"end":{"line":49,"column":39}},{"start":{},"end":{}}],"line":49},"9":{"loc":{"start":{"line":50,"column":4},"end":{"line":50,"column":39}},"type":"if","locations":[{"start":{"line":50,"column":4},"end":{"line":50,"column":39}},{"start":{},"end":{}}],"line":50},"10":{"loc":{"start":{"line":51,"column":4},"end":{"line":51,"column":64}},"type":"if","locations":[{"start":{"line":51,"column":4},"end":{"line":51,"column":64}},{"start":{},"end":{}}],"line":51},"11":{"loc":{"start":{"line":52,"column":4},"end":{"line":56,"column":5}},"type":"if","locations":[{"start":{"line":52,"column":4},"end":{"line":56,"column":5}},{"start":{},"end":{}}],"line":52},"12":{"loc":{"start":{"line":52,"column":8},"end":{"line":52,"column":18}},"type":"binary-expr","locations":[{"start":{"line":52,"column":8},"end":{"line":52,"column":12}},{"start":{"line":52,"column":16},"end":{"line":52,"column":18}}],"line":52},"13":{"loc":{"start":{"line":54,"column":6},"end":{"line":54,"column":54}},"type":"if","locations":[{"start":{"line":54,"column":6},"end":{"line":54,"column":54}},{"start":{},"end":{}}],"line":54},"14":{"loc":{"start":{"line":55,"column":6},"end":{"line":55,"column":50}},"type":"if","locations":[{"start":{"line":55,"column":6},"end":{"line":55,"column":50}},{"start":{},"end":{}}],"line":55},"15":{"loc":{"start":{"line":90,"column":4},"end":{"line":90,"column":72}},"type":"if","locations":[{"start":{"line":90,"column":4},"end":{"line":90,"column":72}},{"start":{},"end":{}}],"line":90},"16":{"loc":{"start":{"line":103,"column":4},"end":{"line":103,"column":72}},"type":"if","locations":[{"start":{"line":103,"column":4},"end":{"line":103,"column":72}},{"start":{},"end":{}}],"line":103},"17":{"loc":{"start":{"line":105,"column":4},"end":{"line":107,"column":5}},"type":"if","locations":[{"start":{"line":105,"column":4},"end":{"line":107,"column":5}},{"start":{},"end":{}}],"line":105},"18":{"loc":{"start":{"line":120,"column":4},"end":{"line":120,"column":82}},"type":"if","locations":[{"start":{"line":120,"column":4},"end":{"line":120,"column":82}},{"start":{},"end":{}}],"line":120},"19":{"loc":{"start":{"line":128,"column":4},"end":{"line":128,"column":72}},"type":"if","locations":[{"start":{"line":128,"column":4},"end":{"line":128,"column":72}},{"start":{},"end":{}}],"line":128},"20":{"loc":{"start":{"line":129,"column":4},"end":{"line":129,"column":85}},"type":"if","locations":[{"start":{"line":129,"column":4},"end":{"line":129,"column":85}},{"start":{},"end":{}}],"line":129},"21":{"loc":{"start":{"line":172,"column":4},"end":{"line":172,"column":72}},"type":"if","locations":[{"start":{"line":172,"column":4},"end":{"line":172,"column":72}},{"start":{},"end":{}}],"line":172},"22":{"loc":{"start":{"line":175,"column":4},"end":{"line":177,"column":5}},"type":"if","locations":[{"start":{"line":175,"column":4},"end":{"line":177,"column":5}},{"start":{},"end":{}}],"line":175},"23":{"loc":{"start":{"line":175,"column":8},"end":{"line":175,"column":50}},"type":"binary-expr","locations":[{"start":{"line":175,"column":8},"end":{"line":175,"column":27}},{"start":{"line":175,"column":31},"end":{"line":175,"column":50}}],"line":175}},"s":{"0":4,"1":4,"2":4,"3":4,"4":0,"5":4,"6":4,"7":4,"8":1,"9":3,"10":0,"11":3,"12":3,"13":2,"14":2,"15":4,"16":7,"17":7,"18":7,"19":0,"20":7,"21":7,"22":7,"23":1,"24":7,"25":1,"26":7,"27":1,"28":7,"29":1,"30":7,"31":2,"32":2,"33":2,"34":2,"35":1,"36":7,"37":7,"38":7,"39":0,"40":4,"41":3,"42":3,"43":3,"44":3,"45":2,"46":1,"47":2,"48":4,"49":3,"50":3,"51":3,"52":3,"53":1,"54":2,"55":1,"56":1,"57":1,"58":2,"59":4,"60":0,"61":0,"62":0,"63":0,"64":0,"65":0,"66":0,"67":0,"68":0,"69":0,"70":0,"71":0,"72":0,"73":0,"74":0,"75":0,"76":0,"77":0,"78":0,"79":0,"80":0,"81":4,"82":2,"83":2,"84":2,"85":2,"86":1,"87":1,"88":0,"89":1,"90":1,"91":1,"92":1},"f":{"0":4,"1":7,"2":3,"3":3,"4":0,"5":2},"b":{"0":[0,4],"1":[1,3],"2":[0,3],"3":[0,7],"4":[7],"5":[7],"6":[7],"7":[1,6],"8":[1,6],"9":[1,6],"10":[1,6],"11":[2,5],"12":[7,5],"13":[2,0],"14":[1,1],"15":[2,1],"16":[1,2],"17":[1,1],"18":[0,0],"19":[0,0],"20":[0,0],"21":[1,1],"22":[0,1],"23":[1,0]},"inputSourceMap":null,"_coverageSchema":"1a1c01bbd47fc00a2c39e90264f33305004495a9","hash":"288a6ffcb2ce8e6e6a84444222407e3171b93ae4"}
,"C:\\Users\\manua\\Desktop\\Utad\\3º(España)\\ProgramacionWebII\\proyecto\\src\\controllers\\project.controller.js": {"path":"C:\\Users\\manua\\Desktop\\Utad\\3º(España)\\ProgramacionWebII\\proyecto\\src\\controllers\\project.controller.js","statementMap":{"0":{"start":{"line":6,"column":29},"end":{"line":27,"column":1}},"1":{"start":{"line":7,"column":2},"end":{"line":26,"column":3}},"2":{"start":{"line":8,"column":75},"end":{"line":8,"column":83}},"3":{"start":{"line":9,"column":35},"end":{"line":9,"column":43}},"4":{"start":{"line":11,"column":4},"end":{"line":11,"column":85}},"5":{"start":{"line":11,"column":18},"end":{"line":11,"column":85}},"6":{"start":{"line":13,"column":19},"end":{"line":13,"column":83}},"7":{"start":{"line":14,"column":4},"end":{"line":14,"column":81}},"8":{"start":{"line":14,"column":17},"end":{"line":14,"column":81}},"9":{"start":{"line":16,"column":21},"end":{"line":16,"column":84}},"10":{"start":{"line":17,"column":4},"end":{"line":17,"column":97}},"11":{"start":{"line":17,"column":18},"end":{"line":17,"column":97}},"12":{"start":{"line":19,"column":20},"end":{"line":19,"column":119}},"13":{"start":{"line":21,"column":4},"end":{"line":21,"column":68}},"14":{"start":{"line":23,"column":4},"end":{"line":23,"column":38}},"15":{"start":{"line":25,"column":4},"end":{"line":25,"column":16}},"16":{"start":{"line":29,"column":27},"end":{"line":57,"column":1}},"17":{"start":{"line":30,"column":2},"end":{"line":56,"column":3}},"18":{"start":{"line":31,"column":24},"end":{"line":31,"column":32}},"19":{"start":{"line":32,"column":4},"end":{"line":32,"column":85}},"20":{"start":{"line":32,"column":18},"end":{"line":32,"column":85}},"21":{"start":{"line":34,"column":80},"end":{"line":34,"column":89}},"22":{"start":{"line":36,"column":19},"end":{"line":36,"column":46}},"23":{"start":{"line":37,"column":4},"end":{"line":37,"column":60}},"24":{"start":{"line":37,"column":14},"end":{"line":37,"column":60}},"25":{"start":{"line":38,"column":4},"end":{"line":38,"column":39}},"26":{"start":{"line":38,"column":16},"end":{"line":38,"column":39}},"27":{"start":{"line":39,"column":4},"end":{"line":39,"column":64}},"28":{"start":{"line":39,"column":30},"end":{"line":39,"column":64}},"29":{"start":{"line":41,"column":17},"end":{"line":41,"column":51}},"30":{"start":{"line":43,"column":35},"end":{"line":46,"column":6}},"31":{"start":{"line":48,"column":4},"end":{"line":53,"column":7}},"32":{"start":{"line":55,"column":4},"end":{"line":55,"column":16}},"33":{"start":{"line":59,"column":26},"end":{"line":69,"column":1}},"34":{"start":{"line":60,"column":2},"end":{"line":68,"column":3}},"35":{"start":{"line":61,"column":24},"end":{"line":61,"column":32}},"36":{"start":{"line":62,"column":20},"end":{"line":63,"column":43}},"37":{"start":{"line":64,"column":4},"end":{"line":64,"column":68}},"38":{"start":{"line":64,"column":18},"end":{"line":64,"column":68}},"39":{"start":{"line":65,"column":4},"end":{"line":65,"column":26}},"40":{"start":{"line":67,"column":4},"end":{"line":67,"column":16}},"41":{"start":{"line":71,"column":29},"end":{"line":91,"column":1}},"42":{"start":{"line":72,"column":2},"end":{"line":90,"column":3}},"43":{"start":{"line":73,"column":24},"end":{"line":73,"column":32}},"44":{"start":{"line":75,"column":4},"end":{"line":78,"column":5}},"45":{"start":{"line":76,"column":21},"end":{"line":76,"column":92}},"46":{"start":{"line":77,"column":6},"end":{"line":77,"column":83}},"47":{"start":{"line":77,"column":19},"end":{"line":77,"column":83}},"48":{"start":{"line":80,"column":20},"end":{"line":84,"column":5}},"49":{"start":{"line":85,"column":4},"end":{"line":85,"column":68}},"50":{"start":{"line":85,"column":18},"end":{"line":85,"column":68}},"51":{"start":{"line":87,"column":4},"end":{"line":87,"column":26}},"52":{"start":{"line":89,"column":4},"end":{"line":89,"column":16}},"53":{"start":{"line":93,"column":29},"end":{"line":115,"column":1}},"54":{"start":{"line":94,"column":2},"end":{"line":114,"column":3}},"55":{"start":{"line":95,"column":24},"end":{"line":95,"column":32}},"56":{"start":{"line":96,"column":17},"end":{"line":96,"column":42}},"57":{"start":{"line":98,"column":4},"end":{"line":106,"column":5}},"58":{"start":{"line":99,"column":22},"end":{"line":103,"column":7}},"59":{"start":{"line":104,"column":6},"end":{"line":104,"column":70}},"60":{"start":{"line":104,"column":20},"end":{"line":104,"column":70}},"61":{"start":{"line":105,"column":6},"end":{"line":105,"column":71}},"62":{"start":{"line":108,"column":20},"end":{"line":108,"column":83}},"63":{"start":{"line":109,"column":4},"end":{"line":109,"column":68}},"64":{"start":{"line":109,"column":18},"end":{"line":109,"column":68}},"65":{"start":{"line":111,"column":4},"end":{"line":111,"column":64}},"66":{"start":{"line":113,"column":4},"end":{"line":113,"column":16}},"67":{"start":{"line":117,"column":35},"end":{"line":125,"column":1}},"68":{"start":{"line":118,"column":2},"end":{"line":124,"column":3}},"69":{"start":{"line":119,"column":24},"end":{"line":119,"column":32}},"70":{"start":{"line":120,"column":21},"end":{"line":120,"column":98}},"71":{"start":{"line":121,"column":4},"end":{"line":121,"column":27}},"72":{"start":{"line":123,"column":4},"end":{"line":123,"column":16}},"73":{"start":{"line":127,"column":30},"end":{"line":140,"column":1}},"74":{"start":{"line":128,"column":2},"end":{"line":139,"column":3}},"75":{"start":{"line":129,"column":24},"end":{"line":129,"column":32}},"76":{"start":{"line":130,"column":20},"end":{"line":134,"column":5}},"77":{"start":{"line":135,"column":4},"end":{"line":135,"column":78}},"78":{"start":{"line":135,"column":18},"end":{"line":135,"column":78}},"79":{"start":{"line":136,"column":4},"end":{"line":136,"column":26}},"80":{"start":{"line":138,"column":4},"end":{"line":138,"column":16}}},"fnMap":{"0":{"name":"(anonymous_0)","decl":{"start":{"line":6,"column":29},"end":{"line":6,"column":30}},"loc":{"start":{"line":6,"column":55},"end":{"line":27,"column":1}},"line":6},"1":{"name":"(anonymous_1)","decl":{"start":{"line":29,"column":27},"end":{"line":29,"column":28}},"loc":{"start":{"line":29,"column":53},"end":{"line":57,"column":1}},"line":29},"2":{"name":"(anonymous_2)","decl":{"start":{"line":59,"column":26},"end":{"line":59,"column":27}},"loc":{"start":{"line":59,"column":52},"end":{"line":69,"column":1}},"line":59},"3":{"name":"(anonymous_3)","decl":{"start":{"line":71,"column":29},"end":{"line":71,"column":30}},"loc":{"start":{"line":71,"column":55},"end":{"line":91,"column":1}},"line":71},"4":{"name":"(anonymous_4)","decl":{"start":{"line":93,"column":29},"end":{"line":93,"column":30}},"loc":{"start":{"line":93,"column":55},"end":{"line":115,"column":1}},"line":93},"5":{"name":"(anonymous_5)","decl":{"start":{"line":117,"column":35},"end":{"line":117,"column":36}},"loc":{"start":{"line":117,"column":61},"end":{"line":125,"column":1}},"line":117},"6":{"name":"(anonymous_6)","decl":{"start":{"line":127,"column":30},"end":{"line":127,"column":31}},"loc":{"start":{"line":127,"column":56},"end":{"line":140,"column":1}},"line":127}},"branchMap":{"0":{"loc":{"start":{"line":11,"column":4},"end":{"line":11,"column":85}},"type":"if","locations":[{"start":{"line":11,"column":4},"end":{"line":11,"column":85}},{"start":{},"end":{}}],"line":11},"1":{"loc":{"start":{"line":14,"column":4},"end":{"line":14,"column":81}},"type":"if","locations":[{"start":{"line":14,"column":4},"end":{"line":14,"column":81}},{"start":{},"end":{}}],"line":14},"2":{"loc":{"start":{"line":17,"column":4},"end":{"line":17,"column":97}},"type":"if","locations":[{"start":{"line":17,"column":4},"end":{"line":17,"column":97}},{"start":{},"end":{}}],"line":17},"3":{"loc":{"start":{"line":32,"column":4},"end":{"line":32,"column":85}},"type":"if","locations":[{"start":{"line":32,"column":4},"end":{"line":32,"column":85}},{"start":{},"end":{}}],"line":32},"4":{"loc":{"start":{"line":34,"column":12},"end":{"line":34,"column":20}},"type":"default-arg","locations":[{"start":{"line":34,"column":19},"end":{"line":34,"column":20}}],"line":34},"5":{"loc":{"start":{"line":34,"column":22},"end":{"line":34,"column":32}},"type":"default-arg","locations":[{"start":{"line":34,"column":30},"end":{"line":34,"column":32}}],"line":34},"6":{"loc":{"start":{"line":34,"column":56},"end":{"line":34,"column":75}},"type":"default-arg","locations":[{"start":{"line":34,"column":63},"end":{"line":34,"column":75}}],"line":34},"7":{"loc":{"start":{"line":37,"column":4},"end":{"line":37,"column":60}},"type":"if","locations":[{"start":{"line":37,"column":4},"end":{"line":37,"column":60}},{"start":{},"end":{}}],"line":37},"8":{"loc":{"start":{"line":38,"column":4},"end":{"line":38,"column":39}},"type":"if","locations":[{"start":{"line":38,"column":4},"end":{"line":38,"column":39}},{"start":{},"end":{}}],"line":38},"9":{"loc":{"start":{"line":39,"column":4},"end":{"line":39,"column":64}},"type":"if","locations":[{"start":{"line":39,"column":4},"end":{"line":39,"column":64}},{"start":{},"end":{}}],"line":39},"10":{"loc":{"start":{"line":64,"column":4},"end":{"line":64,"column":68}},"type":"if","locations":[{"start":{"line":64,"column":4},"end":{"line":64,"column":68}},{"start":{},"end":{}}],"line":64},"11":{"loc":{"start":{"line":75,"column":4},"end":{"line":78,"column":5}},"type":"if","locations":[{"start":{"line":75,"column":4},"end":{"line":78,"column":5}},{"start":{},"end":{}}],"line":75},"12":{"loc":{"start":{"line":77,"column":6},"end":{"line":77,"column":83}},"type":"if","locations":[{"start":{"line":77,"column":6},"end":{"line":77,"column":83}},{"start":{},"end":{}}],"line":77},"13":{"loc":{"start":{"line":85,"column":4},"end":{"line":85,"column":68}},"type":"if","locations":[{"start":{"line":85,"column":4},"end":{"line":85,"column":68}},{"start":{},"end":{}}],"line":85},"14":{"loc":{"start":{"line":98,"column":4},"end":{"line":106,"column":5}},"type":"if","locations":[{"start":{"line":98,"column":4},"end":{"line":106,"column":5}},{"start":{},"end":{}}],"line":98},"15":{"loc":{"start":{"line":104,"column":6},"end":{"line":104,"column":70}},"type":"if","locations":[{"start":{"line":104,"column":6},"end":{"line":104,"column":70}},{"start":{},"end":{}}],"line":104},"16":{"loc":{"start":{"line":109,"column":4},"end":{"line":109,"column":68}},"type":"if","locations":[{"start":{"line":109,"column":4},"end":{"line":109,"column":68}},{"start":{},"end":{}}],"line":109},"17":{"loc":{"start":{"line":135,"column":4},"end":{"line":135,"column":78}},"type":"if","locations":[{"start":{"line":135,"column":4},"end":{"line":135,"column":78}},{"start":{},"end":{}}],"line":135}},"s":{"0":4,"1":5,"2":5,"3":5,"4":5,"5":0,"6":5,"7":5,"8":1,"9":4,"10":4,"11":1,"12":3,"13":3,"14":3,"15":2,"16":4,"17":5,"18":5,"19":5,"20":0,"21":5,"22":5,"23":5,"24":1,"25":5,"26":1,"27":5,"28":2,"29":5,"30":5,"31":5,"32":0,"33":4,"34":2,"35":2,"36":2,"37":2,"38":1,"39":1,"40":1,"41":4,"42":4,"43":4,"44":4,"45":2,"46":2,"47":1,"48":3,"49":3,"50":1,"51":2,"52":2,"53":4,"54":3,"55":3,"56":3,"57":3,"58":1,"59":1,"60":0,"61":1,"62":2,"63":2,"64":1,"65":1,"66":1,"67":4,"68":1,"69":1,"70":1,"71":1,"72":0,"73":4,"74":2,"75":2,"76":2,"77":2,"78":1,"79":1,"80":1},"f":{"0":5,"1":5,"2":2,"3":4,"4":3,"5":1,"6":2},"b":{"0":[0,5],"1":[1,4],"2":[1,3],"3":[0,5],"4":[5],"5":[5],"6":[5],"7":[1,4],"8":[1,4],"9":[2,3],"10":[1,1],"11":[2,2],"12":[1,1],"13":[1,2],"14":[1,2],"15":[0,1],"16":[1,1],"17":[1,1]},"inputSourceMap":null,"_coverageSchema":"1a1c01bbd47fc00a2c39e90264f33305004495a9","hash":"5b84564eb9ded982690a662b34670bbd1ac953d9"}
,"C:\\Users\\manua\\Desktop\\Utad\\3º(España)\\ProgramacionWebII\\proyecto\\src\\controllers\\user.controller.js": {"path":"C:\\Users\\manua\\Desktop\\Utad\\3º(España)\\ProgramacionWebII\\proyecto\\src\\controllers\\user.controller.js","statementMap":{"0":{"start":{"line":11,"column":24},"end":{"line":46,"column":1}},"1":{"start":{"line":12,"column":2},"end":{"line":45,"column":3}},"2":{"start":{"line":13,"column":32},"end":{"line":13,"column":40}},"3":{"start":{"line":15,"column":21},"end":{"line":15,"column":70}},"4":{"start":{"line":16,"column":4},"end":{"line":16,"column":73}},"5":{"start":{"line":16,"column":18},"end":{"line":16,"column":73}},"6":{"start":{"line":18,"column":27},"end":{"line":18,"column":58}},"7":{"start":{"line":20,"column":29},"end":{"line":20,"column":83}},"8":{"start":{"line":22,"column":17},"end":{"line":27,"column":6}},"9":{"start":{"line":29,"column":24},"end":{"line":29,"column":69}},"10":{"start":{"line":30,"column":25},"end":{"line":30,"column":60}},"11":{"start":{"line":32,"column":4},"end":{"line":32,"column":71}},"12":{"start":{"line":34,"column":4},"end":{"line":34,"column":54}},"13":{"start":{"line":35,"column":4},"end":{"line":35,"column":48}},"14":{"start":{"line":37,"column":4},"end":{"line":41,"column":7}},"15":{"start":{"line":44,"column":4},"end":{"line":44,"column":16}},"16":{"start":{"line":47,"column":27},"end":{"line":73,"column":1}},"17":{"start":{"line":48,"column":2},"end":{"line":72,"column":3}},"18":{"start":{"line":49,"column":21},"end":{"line":49,"column":29}},"19":{"start":{"line":50,"column":17},"end":{"line":50,"column":25}},"20":{"start":{"line":52,"column":4},"end":{"line":54,"column":5}},"21":{"start":{"line":53,"column":6},"end":{"line":53,"column":73}},"22":{"start":{"line":56,"column":4},"end":{"line":60,"column":5}},"23":{"start":{"line":57,"column":6},"end":{"line":57,"column":37}},"24":{"start":{"line":58,"column":6},"end":{"line":58,"column":24}},"25":{"start":{"line":59,"column":6},"end":{"line":59,"column":103}},"26":{"start":{"line":62,"column":4},"end":{"line":62,"column":29}},"27":{"start":{"line":63,"column":4},"end":{"line":63,"column":38}},"28":{"start":{"line":64,"column":4},"end":{"line":64,"column":22}},"29":{"start":{"line":66,"column":4},"end":{"line":66,"column":52}},"30":{"start":{"line":68,"column":4},"end":{"line":68,"column":60}},"31":{"start":{"line":71,"column":4},"end":{"line":71,"column":16}},"32":{"start":{"line":74,"column":21},"end":{"line":100,"column":1}},"33":{"start":{"line":75,"column":2},"end":{"line":99,"column":3}},"34":{"start":{"line":76,"column":32},"end":{"line":76,"column":40}},"35":{"start":{"line":78,"column":17},"end":{"line":78,"column":82}},"36":{"start":{"line":79,"column":4},"end":{"line":79,"column":71}},"37":{"start":{"line":79,"column":15},"end":{"line":79,"column":71}},"38":{"start":{"line":81,"column":20},"end":{"line":81,"column":65}},"39":{"start":{"line":82,"column":4},"end":{"line":82,"column":74}},"40":{"start":{"line":82,"column":18},"end":{"line":82,"column":74}},"41":{"start":{"line":84,"column":24},"end":{"line":84,"column":69}},"42":{"start":{"line":85,"column":25},"end":{"line":85,"column":60}},"43":{"start":{"line":87,"column":4},"end":{"line":87,"column":71}},"44":{"start":{"line":89,"column":4},"end":{"line":89,"column":50}},"45":{"start":{"line":91,"column":4},"end":{"line":95,"column":7}},"46":{"start":{"line":98,"column":4},"end":{"line":98,"column":16}},"47":{"start":{"line":101,"column":34},"end":{"line":116,"column":1}},"48":{"start":{"line":102,"column":2},"end":{"line":115,"column":3}},"49":{"start":{"line":103,"column":36},"end":{"line":103,"column":44}},"50":{"start":{"line":105,"column":17},"end":{"line":109,"column":5}},"51":{"start":{"line":111,"column":4},"end":{"line":111,"column":23}},"52":{"start":{"line":114,"column":4},"end":{"line":114,"column":16}},"53":{"start":{"line":119,"column":29},"end":{"line":169,"column":1}},"54":{"start":{"line":120,"column":2},"end":{"line":168,"column":3}},"55":{"start":{"line":121,"column":48},"end":{"line":121,"column":56}},"56":{"start":{"line":122,"column":17},"end":{"line":122,"column":25}},"57":{"start":{"line":126,"column":4},"end":{"line":159,"column":5}},"58":{"start":{"line":128,"column":6},"end":{"line":138,"column":8}},"59":{"start":{"line":139,"column":6},"end":{"line":139,"column":26}},"60":{"start":{"line":142,"column":23},"end":{"line":142,"column":53}},"61":{"start":{"line":144,"column":6},"end":{"line":158,"column":7}},"62":{"start":{"line":146,"column":8},"end":{"line":146,"column":27}},"63":{"start":{"line":147,"column":8},"end":{"line":147,"column":28}},"64":{"start":{"line":150,"column":8},"end":{"line":156,"column":11}},"65":{"start":{"line":157,"column":8},"end":{"line":157,"column":28}},"66":{"start":{"line":161,"column":4},"end":{"line":161,"column":31}},"67":{"start":{"line":162,"column":4},"end":{"line":162,"column":22}},"68":{"start":{"line":164,"column":4},"end":{"line":164,"column":43}},"69":{"start":{"line":167,"column":4},"end":{"line":167,"column":16}},"70":{"start":{"line":170,"column":26},"end":{"line":190,"column":1}},"71":{"start":{"line":171,"column":2},"end":{"line":189,"column":3}},"72":{"start":{"line":172,"column":4},"end":{"line":172,"column":79}},"73":{"start":{"line":172,"column":19},"end":{"line":172,"column":79}},"74":{"start":{"line":174,"column":17},"end":{"line":174,"column":25}},"75":{"start":{"line":175,"column":4},"end":{"line":175,"column":90}},"76":{"start":{"line":175,"column":23},"end":{"line":175,"column":90}},"77":{"start":{"line":177,"column":20},"end":{"line":177,"column":72}},"78":{"start":{"line":179,"column":20},"end":{"line":183,"column":5}},"79":{"start":{"line":185,"column":4},"end":{"line":185,"column":37}},"80":{"start":{"line":188,"column":4},"end":{"line":188,"column":16}},"81":{"start":{"line":191,"column":23},"end":{"line":198,"column":1}},"82":{"start":{"line":192,"column":2},"end":{"line":197,"column":3}},"83":{"start":{"line":193,"column":17},"end":{"line":193,"column":70}},"84":{"start":{"line":194,"column":4},"end":{"line":194,"column":29}},"85":{"start":{"line":196,"column":4},"end":{"line":196,"column":30}},"86":{"start":{"line":199,"column":23},"end":{"line":214,"column":1}},"87":{"start":{"line":200,"column":2},"end":{"line":213,"column":3}},"88":{"start":{"line":201,"column":29},"end":{"line":201,"column":37}},"89":{"start":{"line":202,"column":4},"end":{"line":202,"column":76}},"90":{"start":{"line":202,"column":23},"end":{"line":202,"column":76}},"91":{"start":{"line":204,"column":19},"end":{"line":204,"column":70}},"92":{"start":{"line":205,"column":4},"end":{"line":205,"column":71}},"93":{"start":{"line":205,"column":17},"end":{"line":205,"column":71}},"94":{"start":{"line":207,"column":20},"end":{"line":207,"column":52}},"95":{"start":{"line":208,"column":21},"end":{"line":208,"column":72}},"96":{"start":{"line":210,"column":4},"end":{"line":210,"column":34}},"97":{"start":{"line":212,"column":4},"end":{"line":212,"column":14}},"98":{"start":{"line":216,"column":22},"end":{"line":224,"column":1}},"99":{"start":{"line":217,"column":2},"end":{"line":223,"column":3}},"100":{"start":{"line":218,"column":29},"end":{"line":218,"column":37}},"101":{"start":{"line":219,"column":4},"end":{"line":219,"column":58}},"102":{"start":{"line":220,"column":4},"end":{"line":220,"column":58}},"103":{"start":{"line":222,"column":4},"end":{"line":222,"column":30}},"104":{"start":{"line":225,"column":26},"end":{"line":258,"column":1}},"105":{"start":{"line":226,"column":2},"end":{"line":257,"column":3}},"106":{"start":{"line":227,"column":19},"end":{"line":227,"column":30}},"107":{"start":{"line":228,"column":17},"end":{"line":228,"column":42}},"108":{"start":{"line":230,"column":4},"end":{"line":244,"column":5}},"109":{"start":{"line":232,"column":19},"end":{"line":236,"column":7}},"110":{"start":{"line":238,"column":6},"end":{"line":238,"column":53}},"111":{"start":{"line":240,"column":6},"end":{"line":243,"column":9}},"112":{"start":{"line":247,"column":17},"end":{"line":247,"column":53}},"113":{"start":{"line":249,"column":4},"end":{"line":249,"column":51}},"114":{"start":{"line":251,"column":4},"end":{"line":253,"column":7}},"115":{"start":{"line":256,"column":4},"end":{"line":256,"column":16}},"116":{"start":{"line":259,"column":30},"end":{"line":285,"column":1}},"117":{"start":{"line":260,"column":2},"end":{"line":284,"column":3}},"118":{"start":{"line":261,"column":19},"end":{"line":261,"column":30}},"119":{"start":{"line":262,"column":45},"end":{"line":262,"column":53}},"120":{"start":{"line":265,"column":17},"end":{"line":265,"column":64}},"121":{"start":{"line":266,"column":4},"end":{"line":266,"column":64}},"122":{"start":{"line":266,"column":15},"end":{"line":266,"column":64}},"123":{"start":{"line":269,"column":20},"end":{"line":269,"column":72}},"124":{"start":{"line":270,"column":4},"end":{"line":270,"column":84}},"125":{"start":{"line":270,"column":18},"end":{"line":270,"column":84}},"126":{"start":{"line":273,"column":19},"end":{"line":273,"column":53}},"127":{"start":{"line":274,"column":4},"end":{"line":274,"column":27}},"128":{"start":{"line":276,"column":4},"end":{"line":276,"column":22}},"129":{"start":{"line":278,"column":4},"end":{"line":278,"column":59}},"130":{"start":{"line":280,"column":4},"end":{"line":280,"column":66}},"131":{"start":{"line":283,"column":4},"end":{"line":283,"column":16}},"132":{"start":{"line":286,"column":26},"end":{"line":334,"column":1}},"133":{"start":{"line":287,"column":2},"end":{"line":333,"column":3}},"134":{"start":{"line":288,"column":20},"end":{"line":288,"column":28}},"135":{"start":{"line":290,"column":4},"end":{"line":292,"column":5}},"136":{"start":{"line":291,"column":6},"end":{"line":291,"column":83}},"137":{"start":{"line":294,"column":38},"end":{"line":294,"column":46}},"138":{"start":{"line":296,"column":21},"end":{"line":296,"column":50}},"139":{"start":{"line":297,"column":4},"end":{"line":299,"column":5}},"140":{"start":{"line":298,"column":6},"end":{"line":298,"column":61}},"141":{"start":{"line":301,"column":29},"end":{"line":301,"column":83}},"142":{"start":{"line":304,"column":25},"end":{"line":304,"column":62}},"143":{"start":{"line":305,"column":27},"end":{"line":305,"column":62}},"144":{"start":{"line":307,"column":24},"end":{"line":317,"column":6}},"145":{"start":{"line":319,"column":4},"end":{"line":319,"column":58}},"146":{"start":{"line":320,"column":4},"end":{"line":320,"column":67}},"147":{"start":{"line":322,"column":4},"end":{"line":329,"column":7}},"148":{"start":{"line":332,"column":4},"end":{"line":332,"column":16}}},"fnMap":{"0":{"name":"(anonymous_0)","decl":{"start":{"line":11,"column":24},"end":{"line":11,"column":25}},"loc":{"start":{"line":11,"column":50},"end":{"line":46,"column":1}},"line":11},"1":{"name":"(anonymous_1)","decl":{"start":{"line":35,"column":38},"end":{"line":35,"column":39}},"loc":{"start":{"line":35,"column":44},"end":{"line":35,"column":46}},"line":35},"2":{"name":"(anonymous_2)","decl":{"start":{"line":47,"column":27},"end":{"line":47,"column":28}},"loc":{"start":{"line":47,"column":53},"end":{"line":73,"column":1}},"line":47},"3":{"name":"(anonymous_3)","decl":{"start":{"line":74,"column":21},"end":{"line":74,"column":22}},"loc":{"start":{"line":74,"column":47},"end":{"line":100,"column":1}},"line":74},"4":{"name":"(anonymous_4)","decl":{"start":{"line":101,"column":34},"end":{"line":101,"column":35}},"loc":{"start":{"line":101,"column":60},"end":{"line":116,"column":1}},"line":101},"5":{"name":"(anonymous_5)","decl":{"start":{"line":119,"column":29},"end":{"line":119,"column":30}},"loc":{"start":{"line":119,"column":55},"end":{"line":169,"column":1}},"line":119},"6":{"name":"(anonymous_6)","decl":{"start":{"line":170,"column":26},"end":{"line":170,"column":27}},"loc":{"start":{"line":170,"column":52},"end":{"line":190,"column":1}},"line":170},"7":{"name":"(anonymous_7)","decl":{"start":{"line":191,"column":23},"end":{"line":191,"column":24}},"loc":{"start":{"line":191,"column":49},"end":{"line":198,"column":1}},"line":191},"8":{"name":"(anonymous_8)","decl":{"start":{"line":199,"column":23},"end":{"line":199,"column":24}},"loc":{"start":{"line":199,"column":49},"end":{"line":214,"column":1}},"line":199},"9":{"name":"(anonymous_9)","decl":{"start":{"line":216,"column":22},"end":{"line":216,"column":23}},"loc":{"start":{"line":216,"column":48},"end":{"line":224,"column":1}},"line":216},"10":{"name":"(anonymous_10)","decl":{"start":{"line":225,"column":26},"end":{"line":225,"column":27}},"loc":{"start":{"line":225,"column":52},"end":{"line":258,"column":1}},"line":225},"11":{"name":"(anonymous_11)","decl":{"start":{"line":259,"column":30},"end":{"line":259,"column":31}},"loc":{"start":{"line":259,"column":56},"end":{"line":285,"column":1}},"line":259},"12":{"name":"(anonymous_12)","decl":{"start":{"line":286,"column":26},"end":{"line":286,"column":27}},"loc":{"start":{"line":286,"column":52},"end":{"line":334,"column":1}},"line":286},"13":{"name":"(anonymous_13)","decl":{"start":{"line":320,"column":57},"end":{"line":320,"column":58}},"loc":{"start":{"line":320,"column":63},"end":{"line":320,"column":65}},"line":320}},"branchMap":{"0":{"loc":{"start":{"line":16,"column":4},"end":{"line":16,"column":73}},"type":"if","locations":[{"start":{"line":16,"column":4},"end":{"line":16,"column":73}},{"start":{},"end":{}}],"line":16},"1":{"loc":{"start":{"line":52,"column":4},"end":{"line":54,"column":5}},"type":"if","locations":[{"start":{"line":52,"column":4},"end":{"line":54,"column":5}},{"start":{},"end":{}}],"line":52},"2":{"loc":{"start":{"line":56,"column":4},"end":{"line":60,"column":5}},"type":"if","locations":[{"start":{"line":56,"column":4},"end":{"line":60,"column":5}},{"start":{},"end":{}}],"line":56},"3":{"loc":{"start":{"line":79,"column":4},"end":{"line":79,"column":71}},"type":"if","locations":[{"start":{"line":79,"column":4},"end":{"line":79,"column":71}},{"start":{},"end":{}}],"line":79},"4":{"loc":{"start":{"line":82,"column":4},"end":{"line":82,"column":74}},"type":"if","locations":[{"start":{"line":82,"column":4},"end":{"line":82,"column":74}},{"start":{},"end":{}}],"line":82},"5":{"loc":{"start":{"line":126,"column":4},"end":{"line":159,"column":5}},"type":"if","locations":[{"start":{"line":126,"column":4},"end":{"line":159,"column":5}},{"start":{"line":140,"column":11},"end":{"line":159,"column":5}}],"line":126},"6":{"loc":{"start":{"line":144,"column":6},"end":{"line":158,"column":7}},"type":"if","locations":[{"start":{"line":144,"column":6},"end":{"line":158,"column":7}},{"start":{"line":148,"column":13},"end":{"line":158,"column":7}}],"line":144},"7":{"loc":{"start":{"line":172,"column":4},"end":{"line":172,"column":79}},"type":"if","locations":[{"start":{"line":172,"column":4},"end":{"line":172,"column":79}},{"start":{},"end":{}}],"line":172},"8":{"loc":{"start":{"line":175,"column":4},"end":{"line":175,"column":90}},"type":"if","locations":[{"start":{"line":175,"column":4},"end":{"line":175,"column":90}},{"start":{},"end":{}}],"line":175},"9":{"loc":{"start":{"line":202,"column":4},"end":{"line":202,"column":76}},"type":"if","locations":[{"start":{"line":202,"column":4},"end":{"line":202,"column":76}},{"start":{},"end":{}}],"line":202},"10":{"loc":{"start":{"line":205,"column":4},"end":{"line":205,"column":71}},"type":"if","locations":[{"start":{"line":205,"column":4},"end":{"line":205,"column":71}},{"start":{},"end":{}}],"line":205},"11":{"loc":{"start":{"line":230,"column":4},"end":{"line":244,"column":5}},"type":"if","locations":[{"start":{"line":230,"column":4},"end":{"line":244,"column":5}},{"start":{},"end":{}}],"line":230},"12":{"loc":{"start":{"line":266,"column":4},"end":{"line":266,"column":64}},"type":"if","locations":[{"start":{"line":266,"column":4},"end":{"line":266,"column":64}},{"start":{},"end":{}}],"line":266},"13":{"loc":{"start":{"line":270,"column":4},"end":{"line":270,"column":84}},"type":"if","locations":[{"start":{"line":270,"column":4},"end":{"line":270,"column":84}},{"start":{},"end":{}}],"line":270},"14":{"loc":{"start":{"line":290,"column":4},"end":{"line":292,"column":5}},"type":"if","locations":[{"start":{"line":290,"column":4},"end":{"line":292,"column":5}},{"start":{},"end":{}}],"line":290},"15":{"loc":{"start":{"line":297,"column":4},"end":{"line":299,"column":5}},"type":"if","locations":[{"start":{"line":297,"column":4},"end":{"line":299,"column":5}},{"start":{},"end":{}}],"line":297}},"s":{"0":4,"1":22,"2":22,"3":22,"4":22,"5":0,"6":22,"7":22,"8":22,"9":21,"10":21,"11":21,"12":21,"13":21,"14":21,"15":1,"16":4,"17":3,"18":3,"19":3,"20":3,"21":1,"22":2,"23":1,"24":1,"25":1,"26":1,"27":1,"28":1,"29":1,"30":1,"31":2,"32":4,"33":6,"34":6,"35":6,"36":6,"37":1,"38":5,"39":5,"40":1,"41":4,"42":4,"43":4,"44":4,"45":4,"46":2,"47":4,"48":3,"49":3,"50":3,"51":3,"52":0,"53":4,"54":8,"55":8,"56":8,"57":8,"58":1,"59":1,"60":7,"61":7,"62":2,"63":2,"64":5,"65":5,"66":8,"67":8,"68":8,"69":0,"70":4,"71":0,"72":0,"73":0,"74":0,"75":0,"76":0,"77":0,"78":0,"79":0,"80":0,"81":4,"82":1,"83":1,"84":1,"85":0,"86":4,"87":3,"88":3,"89":3,"90":1,"91":2,"92":2,"93":1,"94":1,"95":1,"96":1,"97":2,"98":4,"99":1,"100":1,"101":1,"102":1,"103":0,"104":4,"105":2,"106":2,"107":2,"108":2,"109":1,"110":1,"111":1,"112":1,"113":1,"114":1,"115":0,"116":4,"117":2,"118":2,"119":2,"120":2,"121":2,"122":0,"123":2,"124":2,"125":1,"126":1,"127":1,"128":1,"129":1,"130":1,"131":1,"132":4,"133":3,"134":3,"135":3,"136":1,"137":2,"138":2,"139":2,"140":1,"141":1,"142":1,"143":1,"144":1,"145":1,"146":1,"147":1,"148":2},"f":{"0":22,"1":12,"2":3,"3":6,"4":3,"5":8,"6":0,"7":1,"8":3,"9":1,"10":2,"11":2,"12":3,"13":0},"b":{"0":[0,22],"1":[1,2],"2":[1,1],"3":[1,5],"4":[1,4],"5":[1,7],"6":[2,5],"7":[0,0],"8":[0,0],"9":[1,2],"10":[1,1],"11":[1,1],"12":[0,2],"13":[1,1],"14":[1,2],"15":[1,1]},"inputSourceMap":null,"_coverageSchema":"1a1c01bbd47fc00a2c39e90264f33305004495a9","hash":"760440cb51e93e10fe9b6ef96d2887d7832136c5"}
,"C:\\Users\\manua\\Desktop\\Utad\\3º(España)\\ProgramacionWebII\\proyecto\\src\\middleware\\auth.middleware.js": {"path":"C:\\Users\\manua\\Desktop\\Utad\\3º(España)\\ProgramacionWebII\\proyecto\\src\\middleware\\auth.middleware.js","statementMap":{"0":{"start":{"line":5,"column":23},"end":{"line":23,"column":1}},"1":{"start":{"line":6,"column":2},"end":{"line":22,"column":3}},"2":{"start":{"line":7,"column":23},"end":{"line":7,"column":48}},"3":{"start":{"line":8,"column":4},"end":{"line":10,"column":5}},"4":{"start":{"line":9,"column":6},"end":{"line":9,"column":53}},"5":{"start":{"line":12,"column":18},"end":{"line":12,"column":42}},"6":{"start":{"line":13,"column":20},"end":{"line":13,"column":38}},"7":{"start":{"line":15,"column":17},"end":{"line":15,"column":49}},"8":{"start":{"line":16,"column":4},"end":{"line":16,"column":84}},"9":{"start":{"line":16,"column":31},"end":{"line":16,"column":84}},"10":{"start":{"line":18,"column":4},"end":{"line":18,"column":20}},"11":{"start":{"line":19,"column":4},"end":{"line":19,"column":11}},"12":{"start":{"line":21,"column":4},"end":{"line":21,"column":61}}},"fnMap":{"0":{"name":"(anonymous_0)","decl":{"start":{"line":5,"column":23},"end":{"line":5,"column":24}},"loc":{"start":{"line":5,"column":49},"end":{"line":23,"column":1}},"line":5}},"branchMap":{"0":{"loc":{"start":{"line":8,"column":4},"end":{"line":10,"column":5}},"type":"if","locations":[{"start":{"line":8,"column":4},"end":{"line":10,"column":5}},{"start":{},"end":{}}],"line":8},"1":{"loc":{"start":{"line":8,"column":8},"end":{"line":8,"column":56}},"type":"binary-expr","locations":[{"start":{"line":8,"column":8},"end":{"line":8,"column":19}},{"start":{"line":8,"column":23},"end":{"line":8,"column":56}}],"line":8},"2":{"loc":{"start":{"line":16,"column":4},"end":{"line":16,"column":84}},"type":"if","locations":[{"start":{"line":16,"column":4},"end":{"line":16,"column":84}},{"start":{},"end":{}}],"line":16},"3":{"loc":{"start":{"line":16,"column":8},"end":{"line":16,"column":29}},"type":"binary-expr","locations":[{"start":{"line":16,"column":8},"end":{"line":16,"column":13}},{"start":{"line":16,"column":17},"end":{"line":16,"column":29}}],"line":16}},"s":{"0":4,"1":88,"2":88,"3":88,"4":1,"5":87,"6":87,"7":87,"8":87,"9":0,"10":87,"11":87,"12":1},"f":{"0":88},"b":{"0":[1,87],"1":[88,87],"2":[0,87],"3":[87,87]},"inputSourceMap":null,"_coverageSchema":"1a1c01bbd47fc00a2c39e90264f33305004495a9","hash":"b0deb0059081830e7a39fb5a1922c2d2bfd926f5"}
,"C:\\Users\\manua\\Desktop\\Utad\\3º(España)\\ProgramacionWebII\\proyecto\\src\\middleware\\upload.js": {"path":"C:\\Users\\manua\\Desktop\\Utad\\3º(España)\\ProgramacionWebII\\proyecto\\src\\middleware\\upload.js","statementMap":{"0":{"start":{"line":3,"column":19},"end":{"line":10,"column":1}},"1":{"start":{"line":4,"column":18},"end":{"line":4,"column":59}},"2":{"start":{"line":5,"column":2},"end":{"line":9,"column":3}},"3":{"start":{"line":6,"column":4},"end":{"line":6,"column":19}},"4":{"start":{"line":8,"column":4},"end":{"line":8,"column":71}},"5":{"start":{"line":14,"column":15},"end":{"line":18,"column":2}}},"fnMap":{"0":{"name":"(anonymous_0)","decl":{"start":{"line":3,"column":19},"end":{"line":3,"column":20}},"loc":{"start":{"line":3,"column":38},"end":{"line":10,"column":1}},"line":3}},"branchMap":{"0":{"loc":{"start":{"line":5,"column":2},"end":{"line":9,"column":3}},"type":"if","locations":[{"start":{"line":5,"column":2},"end":{"line":9,"column":3}},{"start":{"line":7,"column":9},"end":{"line":9,"column":3}}],"line":5}},"s":{"0":5,"1":5,"2":5,"3":3,"4":2,"5":5},"f":{"0":5},"b":{"0":[3,2]},"inputSourceMap":null,"_coverageSchema":"1a1c01bbd47fc00a2c39e90264f33305004495a9","hash":"27ce58df01a9577e10266f51e007344f50098e5c"}
,"C:\\Users\\manua\\Desktop\\Utad\\3º(España)\\ProgramacionWebII\\proyecto\\src\\middleware\\validate.js": {"path":"C:\\Users\\manua\\Desktop\\Utad\\3º(España)\\ProgramacionWebII\\proyecto\\src\\middleware\\validate.js","statementMap":{"0":{"start":{"line":4,"column":24},"end":{"line":15,"column":1}},"1":{"start":{"line":4,"column":36},"end":{"line":15,"column":1}},"2":{"start":{"line":5,"column":2},"end":{"line":14,"column":3}},"3":{"start":{"line":6,"column":4},"end":{"line":6,"column":38}},"4":{"start":{"line":7,"column":4},"end":{"line":7,"column":11}},"5":{"start":{"line":9,"column":4},"end":{"line":12,"column":5}},"6":{"start":{"line":10,"column":22},"end":{"line":10,"column":65}},"7":{"start":{"line":10,"column":44},"end":{"line":10,"column":53}},"8":{"start":{"line":11,"column":6},"end":{"line":11,"column":48}},"9":{"start":{"line":13,"column":4},"end":{"line":13,"column":16}}},"fnMap":{"0":{"name":"(anonymous_0)","decl":{"start":{"line":4,"column":24},"end":{"line":4,"column":25}},"loc":{"start":{"line":4,"column":36},"end":{"line":15,"column":1}},"line":4},"1":{"name":"(anonymous_1)","decl":{"start":{"line":4,"column":36},"end":{"line":4,"column":37}},"loc":{"start":{"line":4,"column":56},"end":{"line":15,"column":1}},"line":4},"2":{"name":"(anonymous_2)","decl":{"start":{"line":10,"column":39},"end":{"line":10,"column":40}},"loc":{"start":{"line":10,"column":44},"end":{"line":10,"column":53}},"line":10}},"branchMap":{"0":{"loc":{"start":{"line":9,"column":4},"end":{"line":12,"column":5}},"type":"if","locations":[{"start":{"line":9,"column":4},"end":{"line":12,"column":5}},{"start":{},"end":{}}],"line":9}},"s":{"0":5,"1":51,"2":75,"3":75,"4":68,"5":7,"6":6,"7":7,"8":6,"9":1},"f":{"0":51,"1":75,"2":7},"b":{"0":[6,1]},"inputSourceMap":null,"_coverageSchema":"1a1c01bbd47fc00a2c39e90264f33305004495a9","hash":"c9c5fe9126119b42a0a6ed60e26abceb6b40b501"}
,"C:\\Users\\manua\\Desktop\\Utad\\3º(España)\\ProgramacionWebII\\proyecto\\src\\models\\client.js": {"path":"C:\\Users\\manua\\Desktop\\Utad\\3º(España)\\ProgramacionWebII\\proyecto\\src\\models\\client.js","statementMap":{"0":{"start":{"line":3,"column":22},"end":{"line":12,"column":1}},"1":{"start":{"line":14,"column":21},"end":{"line":55,"column":1}},"2":{"start":{"line":57,"column":0},"end":{"line":57,"column":35}},"3":{"start":{"line":58,"column":0},"end":{"line":58,"column":61}},"4":{"start":{"line":60,"column":15},"end":{"line":60,"column":53}}},"fnMap":{},"branchMap":{},"s":{"0":4,"1":4,"2":4,"3":4,"4":4},"f":{},"b":{},"inputSourceMap":null,"_coverageSchema":"1a1c01bbd47fc00a2c39e90264f33305004495a9","hash":"46f045665138cd0d022bb3cdb9e2a0ec0eeb067b"}
,"C:\\Users\\manua\\Desktop\\Utad\\3º(España)\\ProgramacionWebII\\proyecto\\src\\models\\company.js": {"path":"C:\\Users\\manua\\Desktop\\Utad\\3º(España)\\ProgramacionWebII\\proyecto\\src\\models\\company.js","statementMap":{"0":{"start":{"line":3,"column":22},"end":{"line":44,"column":1}},"1":{"start":{"line":46,"column":16},"end":{"line":46,"column":56}}},"fnMap":{},"branchMap":{},"s":{"0":4,"1":4},"f":{},"b":{},"inputSourceMap":null,"_coverageSchema":"1a1c01bbd47fc00a2c39e90264f33305004495a9","hash":"e6a9b4ddc25162e18a0670830a6e8b0f6d577252"}
,"C:\\Users\\manua\\Desktop\\Utad\\3º(España)\\ProgramacionWebII\\proyecto\\src\\models\\deliverynote.js": {"path":"C:\\Users\\manua\\Desktop\\Utad\\3º(España)\\ProgramacionWebII\\proyecto\\src\\models\\deliverynote.js","statementMap":{"0":{"start":{"line":3,"column":21},"end":{"line":9,"column":1}},"1":{"start":{"line":11,"column":27},"end":{"line":70,"column":1}},"2":{"start":{"line":72,"column":0},"end":{"line":72,"column":41}},"3":{"start":{"line":73,"column":0},"end":{"line":73,"column":41}},"4":{"start":{"line":74,"column":0},"end":{"line":74,"column":40}},"5":{"start":{"line":75,"column":0},"end":{"line":75,"column":43}},"6":{"start":{"line":77,"column":21},"end":{"line":77,"column":71}}},"fnMap":{},"branchMap":{},"s":{"0":4,"1":4,"2":4,"3":4,"4":4,"5":4,"6":4},"f":{},"b":{},"inputSourceMap":null,"_coverageSchema":"1a1c01bbd47fc00a2c39e90264f33305004495a9","hash":"3c3ba7c476bbb1d54bed251cb99c2ca4efa051a1"}
,"C:\\Users\\manua\\Desktop\\Utad\\3º(España)\\ProgramacionWebII\\proyecto\\src\\models\\project.js": {"path":"C:\\Users\\manua\\Desktop\\Utad\\3º(España)\\ProgramacionWebII\\proyecto\\src\\models\\project.js","statementMap":{"0":{"start":{"line":3,"column":22},"end":{"line":12,"column":1}},"1":{"start":{"line":14,"column":22},"end":{"line":64,"column":1}},"2":{"start":{"line":66,"column":0},"end":{"line":66,"column":36}},"3":{"start":{"line":67,"column":0},"end":{"line":67,"column":70}},"4":{"start":{"line":68,"column":0},"end":{"line":68,"column":35}},"5":{"start":{"line":70,"column":16},"end":{"line":70,"column":56}}},"fnMap":{},"branchMap":{},"s":{"0":4,"1":4,"2":4,"3":4,"4":4,"5":4},"f":{},"b":{},"inputSourceMap":null,"_coverageSchema":"1a1c01bbd47fc00a2c39e90264f33305004495a9","hash":"6cfbd7dde4e4c34edd9e5a2e068c8f1e4d144142"}
,"C:\\Users\\manua\\Desktop\\Utad\\3º(España)\\ProgramacionWebII\\proyecto\\src\\models\\refreshToken.js": {"path":"C:\\Users\\manua\\Desktop\\Utad\\3º(España)\\ProgramacionWebII\\proyecto\\src\\models\\refreshToken.js","statementMap":{"0":{"start":{"line":3,"column":27},"end":{"line":9,"column":2}},"1":{"start":{"line":11,"column":21},"end":{"line":11,"column":71}}},"fnMap":{},"branchMap":{},"s":{"0":4,"1":4},"f":{},"b":{},"inputSourceMap":null,"_coverageSchema":"1a1c01bbd47fc00a2c39e90264f33305004495a9","hash":"c3a273d2f9eae34fdccaaed7e4e0ce74baf5503e"}
,"C:\\Users\\manua\\Desktop\\Utad\\3º(España)\\ProgramacionWebII\\proyecto\\src\\models\\user.js": {"path":"C:\\Users\\manua\\Desktop\\Utad\\3º(España)\\ProgramacionWebII\\proyecto\\src\\models\\user.js","statementMap":{"0":{"start":{"line":3,"column":19},"end":{"line":71,"column":1}},"1":{"start":{"line":73,"column":0},"end":{"line":73,"column":33}},"2":{"start":{"line":74,"column":0},"end":{"line":74,"column":32}},"3":{"start":{"line":75,"column":0},"end":{"line":75,"column":30}},"4":{"start":{"line":77,"column":0},"end":{"line":79,"column":3}},"5":{"start":{"line":78,"column":2},"end":{"line":78,"column":41}},"6":{"start":{"line":81,"column":13},"end":{"line":81,"column":47}}},"fnMap":{"0":{"name":"(anonymous_0)","decl":{"start":{"line":77,"column":35},"end":{"line":77,"column":36}},"loc":{"start":{"line":77,"column":47},"end":{"line":79,"column":1}},"line":77}},"branchMap":{},"s":{"0":4,"1":4,"2":4,"3":4,"4":4,"5":5,"6":4},"f":{"0":5},"b":{},"inputSourceMap":null,"_coverageSchema":"1a1c01bbd47fc00a2c39e90264f33305004495a9","hash":"21b29d9f19fd5d303c50ffbfaae458ccedae2320"}
,"C:\\Users\\manua\\Desktop\\Utad\\3º(España)\\ProgramacionWebII\\proyecto\\src\\routes\\client.routes.js": {"path":"C:\\Users\\manua\\Desktop\\Utad\\3º(España)\\ProgramacionWebII\\proyecto\\src\\routes\\client.routes.js","statementMap":{"0":{"start":{"line":10,"column":15},"end":{"line":10,"column":23}},"1":{"start":{"line":11,"column":0},"end":{"line":11,"column":27}},"2":{"start":{"line":47,"column":0},"end":{"line":47,"column":28}},"3":{"start":{"line":59,"column":0},"end":{"line":59,"column":44}},"4":{"start":{"line":84,"column":0},"end":{"line":84,"column":30}},"5":{"start":{"line":111,"column":0},"end":{"line":111,"column":61}},"6":{"start":{"line":134,"column":0},"end":{"line":134,"column":63}},"7":{"start":{"line":157,"column":0},"end":{"line":157,"column":36}},"8":{"start":{"line":176,"column":0},"end":{"line":176,"column":44}}},"fnMap":{},"branchMap":{},"s":{"0":4,"1":4,"2":4,"3":4,"4":4,"5":4,"6":4,"7":4,"8":4},"f":{},"b":{},"inputSourceMap":null,"_coverageSchema":"1a1c01bbd47fc00a2c39e90264f33305004495a9","hash":"6f2a9efbf52c5b1ab4689bd341b69052597f3f60"}
,"C:\\Users\\manua\\Desktop\\Utad\\3º(España)\\ProgramacionWebII\\proyecto\\src\\routes\\deliverynote.routes.js": {"path":"C:\\Users\\manua\\Desktop\\Utad\\3º(España)\\ProgramacionWebII\\proyecto\\src\\routes\\deliverynote.routes.js","statementMap":{"0":{"start":{"line":11,"column":15},"end":{"line":11,"column":23}},"1":{"start":{"line":12,"column":0},"end":{"line":12,"column":27}},"2":{"start":{"line":38,"column":0},"end":{"line":38,"column":43}},"3":{"start":{"line":90,"column":0},"end":{"line":90,"column":34}},"4":{"start":{"line":115,"column":0},"end":{"line":115,"column":36}},"5":{"start":{"line":153,"column":0},"end":{"line":153,"column":73}},"6":{"start":{"line":185,"column":0},"end":{"line":185,"column":72}},"7":{"start":{"line":206,"column":0},"end":{"line":206,"column":42}}},"fnMap":{},"branchMap":{},"s":{"0":4,"1":4,"2":4,"3":4,"4":4,"5":4,"6":4,"7":4},"f":{},"b":{},"inputSourceMap":null,"_coverageSchema":"1a1c01bbd47fc00a2c39e90264f33305004495a9","hash":"0f9d1f0156a0007d853bced737bae773ed4c8d59"}
,"C:\\Users\\manua\\Desktop\\Utad\\3º(España)\\ProgramacionWebII\\proyecto\\src\\routes\\project.routes.js": {"path":"C:\\Users\\manua\\Desktop\\Utad\\3º(España)\\ProgramacionWebII\\proyecto\\src\\routes\\project.routes.js","statementMap":{"0":{"start":{"line":10,"column":15},"end":{"line":10,"column":23}},"1":{"start":{"line":11,"column":0},"end":{"line":11,"column":27}},"2":{"start":{"line":53,"column":0},"end":{"line":53,"column":29}},"3":{"start":{"line":65,"column":0},"end":{"line":65,"column":45}},"4":{"start":{"line":90,"column":0},"end":{"line":90,"column":31}},"5":{"start":{"line":120,"column":0},"end":{"line":120,"column":63}},"6":{"start":{"line":143,"column":0},"end":{"line":143,"column":65}},"7":{"start":{"line":163,"column":0},"end":{"line":163,"column":37}},"8":{"start":{"line":180,"column":0},"end":{"line":180,"column":45}}},"fnMap":{},"branchMap":{},"s":{"0":4,"1":4,"2":4,"3":4,"4":4,"5":4,"6":4,"7":4,"8":4},"f":{},"b":{},"inputSourceMap":null,"_coverageSchema":"1a1c01bbd47fc00a2c39e90264f33305004495a9","hash":"06f6dd92352c068fcd94a0ccd4389c085652c2b7"}
[...]
decl":{"start":{"line":10,"column":21},"end":{"line":10,"column":22}},"loc":{"start":{"line":10,"column":36},"end":{"line":19,"column":1}},"line":10},"3":{"name":"(anonymous_3)","decl":{"start":{"line":21,"column":14},"end":{"line":21,"column":15}},"loc":{"start":{"line":21,"column":37},"end":{"line":24,"column":1}},"line":21},"4":{"name":"(anonymous_4)","decl":{"start":{"line":26,"column":20},"end":{"line":26,"column":21}},"loc":{"start":{"line":26,"column":30},"end":{"line":30,"column":1}},"line":26},"5":{"name":"(anonymous_5)","decl":{"start":{"line":32,"column":39},"end":{"line":32,"column":40}},"loc":{"start":{"line":33,"column":2},"end":{"line":113,"column":4}},"line":33},"6":{"name":"(anonymous_6)","decl":{"start":{"line":33,"column":14},"end":{"line":33,"column":15}},"loc":{"start":{"line":33,"column":35},"end":{"line":113,"column":3}},"line":33},"7":{"name":"(anonymous_7)","decl":{"start":{"line":37,"column":19},"end":{"line":37,"column":20}},"loc":{"start":{"line":37,"column":30},"end":{"line":37,"column":48}},"line":37},"8":{"name":"(anonymous_8)","decl":{"start":{"line":38,"column":18},"end":{"line":38,"column":19}},"loc":{"start":{"line":38,"column":24},"end":{"line":38,"column":54}},"line":38},"9":{"name":"(anonymous_9)","decl":{"start":{"line":91,"column":37},"end":{"line":91,"column":38}},"loc":{"start":{"line":91,"column":44},"end":{"line":93,"column":9}},"line":91}},"branchMap":{"0":{"loc":{"start":{"line":4,"column":2},"end":{"line":4,"column":57}},"type":"cond-expr","locations":[{"start":{"line":4,"column":9},"end":{"line":4,"column":51}},{"start":{"line":4,"column":54},"end":{"line":4,"column":57}}],"line":4},"1":{"loc":{"start":{"line":23,"column":28},"end":{"line":23,"column":40}},"type":"binary-expr","locations":[{"start":{"line":23,"column":28},"end":{"line":23,"column":33}},{"start":{"line":23,"column":37},"end":{"line":23,"column":40}}],"line":23},"2":{"loc":{"start":{"line":27,"column":2},"end":{"line":27,"column":24}},"type":"if","locations":[{"start":{"line":27,"column":2},"end":{"line":27,"column":24}},{"start":{},"end":{}}],"line":27},"3":{"loc":{"start":{"line":29,"column":9},"end":{"line":29,"column":83}},"type":"binary-expr","locations":[{"start":{"line":29,"column":9},"end":{"line":29,"column":76}},{"start":{"line":29,"column":80},"end":{"line":29,"column":83}}],"line":29},"4":{"loc":{"start":{"line":32,"column":54},"end":{"line":32,"column":76}},"type":"default-arg","locations":[{"start":{"line":32,"column":72},"end":{"line":32,"column":76}}],"line":32},"5":{"loc":{"start":{"line":48,"column":24},"end":{"line":48,"column":78}},"type":"cond-expr","locations":[{"start":{"line":48,"column":58},"end":{"line":48,"column":65}},{"start":{"line":48,"column":68},"end":{"line":48,"column":78}}],"line":48},"6":{"loc":{"start":{"line":61,"column":28},"end":{"line":61,"column":44}},"type":"binary-expr","locations":[{"start":{"line":61,"column":28},"end":{"line":61,"column":38}},{"start":{"line":61,"column":42},"end":{"line":61,"column":44}}],"line":61},"7":{"loc":{"start":{"line":61,"column":48},"end":{"line":61,"column":68}},"type":"binary-expr","locations":[{"start":{"line":61,"column":48},"end":{"line":61,"column":62}},{"start":{"line":61,"column":66},"end":{"line":61,"column":68}}],"line":61},"8":{"loc":{"start":{"line":76,"column":4},"end":{"line":76,"column":59}},"type":"if","locations":[{"start":{"line":76,"column":4},"end":{"line":76,"column":59}},{"start":{},"end":{}}],"line":76},"9":{"loc":{"start":{"line":80,"column":4},"end":{"line":80,"column":86}},"type":"if","locations":[{"start":{"line":80,"column":4},"end":{"line":80,"column":86}},{"start":{},"end":{}}],"line":80},"10":{"loc":{"start":{"line":82,"column":4},"end":{"line":95,"column":5}},"type":"if","locations":[{"start":{"line":82,"column":4},"end":{"line":95,"column":5}},{"start":{"line":85,"column":11},"end":{"line":95,"column":5}}],"line":82},"11":{"loc":{"start":{"line":86,"column":6},"end":{"line":88,"column":7}},"type":"if","locations":[{"start":{"line":86,"column":6},"end":{"line":88,"column":7}},{"start":{},"end":{}}],"line":86},"12":{"loc":{"start":{"line":89,"column":6},"end":{"line":94,"column":7}},"type":"if","locations":[{"start":{"line":89,"column":6},"end":{"line":94,"column":7}},{"start":{},"end":{}}],"line":89},"13":{"loc":{"start":{"line":98,"column":4},"end":{"line":105,"column":5}},"type":"if","locations":[{"start":{"line":98,"column":4},"end":{"line":105,"column":5}},{"start":{},"end":{}}],"line":98},"14":{"loc":{"start":{"line":102,"column":6},"end":{"line":104,"column":7}},"type":"if","locations":[{"start":{"line":102,"column":6},"end":{"line":104,"column":7}},{"start":{},"end":{}}],"line":102}},"s":{"0":5,"1":9,"2":5,"3":49,"4":5,"5":41,"6":41,"7":41,"8":5,"9":119,"10":5,"11":24,"12":8,"13":16,"14":16,"15":5,"16":8,"17":8,"18":8,"19":8,"20":520,"21":8,"22":8,"23":8,"24":8,"25":8,"26":8,"27":8,"28":8,"29":8,"30":8,"31":8,"32":8,"33":8,"34":8,"35":8,"36":8,"37":8,"38":8,"39":8,"40":8,"41":8,"42":8,"43":8,"44":8,"45":8,"46":5,"47":8,"48":8,"49":7,"50":8,"51":2,"52":2,"53":6,"54":6,"55":6,"56":5,"57":5,"58":10,"59":8,"60":1,"61":1,"62":1,"63":0,"64":8,"65":8},"f":{"0":9,"1":49,"2":41,"3":119,"4":24,"5":8,"6":8,"7":520,"8":8,"9":10},"b":{"0":[9,0],"1":[119,12],"2":[8,16],"3":[16,1],"4":[7],"5":[6,2],"6":[8,2],"7":[8,2],"8":[5,3],"9":[7,1],"10":[2,6],"11":[6,0],"12":[5,1],"13":[1,7],"14":[0,1]},"inputSourceMap":null,"_coverageSchema":"1a1c01bbd47fc00a2c39e90264f33305004495a9","hash":"4342836d044b4eb8a0a97c9db1e9b337b50cc207"}
,"C:\\Users\\manua\\Desktop\\Utad\\3º(España)\\ProgramacionWebII\\proyecto\\src\\services\\storage.service.js": {"path":"C:\\Users\\manua\\Desktop\\Utad\\3º(España)\\ProgramacionWebII\\proyecto\\src\\services\\storage.service.js","statementMap":{"0":{"start":{"line":5,"column":0},"end":{"line":9,"column":3}},"1":{"start":{"line":11,"column":21},"end":{"line":18,"column":4}},"2":{"start":{"line":12,"column":2},"end":{"line":18,"column":4}},"3":{"start":{"line":13,"column":19},"end":{"line":16,"column":6}},"4":{"start":{"line":14,"column":6},"end":{"line":15,"column":27}},"5":{"start":{"line":14,"column":17},"end":{"line":14,"column":31}},"6":{"start":{"line":15,"column":11},"end":{"line":15,"column":27}},"7":{"start":{"line":17,"column":4},"end":{"line":17,"column":23}},"8":{"start":{"line":20,"column":27},"end":{"line":33,"column":1}},"9":{"start":{"line":21,"column":20},"end":{"line":24,"column":15}},"10":{"start":{"line":26,"column":17},"end":{"line":30,"column":4}},"11":{"start":{"line":32,"column":2},"end":{"line":32,"column":64}},"12":{"start":{"line":35,"column":25},"end":{"line":43,"column":1}},"13":{"start":{"line":36,"column":17},"end":{"line":40,"column":4}},"14":{"start":{"line":42,"column":2},"end":{"line":42,"column":64}},"15":{"start":{"line":45,"column":26},"end":{"line":46,"column":72}},"16":{"start":{"line":46,"column":2},"end":{"line":46,"column":72}}},"fnMap":{"0":{"name":"(anonymous_0)","decl":{"start":{"line":11,"column":21},"end":{"line":11,"column":22}},"loc":{"start":{"line":12,"column":2},"end":{"line":18,"column":4}},"line":12},"1":{"name":"(anonymous_1)","decl":{"start":{"line":12,"column":14},"end":{"line":12,"column":15}},"loc":{"start":{"line":12,"column":35},"end":{"line":18,"column":3}},"line":12},"2":{"name":"(anonymous_2)","decl":{"start":{"line":13,"column":62},"end":{"line":13,"column":63}},"loc":{"start":{"line":13,"column":81},"end":{"line":16,"column":5}},"line":13},"3":{"name":"(anonymous_3)","decl":{"start":{"line":20,"column":27},"end":{"line":20,"column":28}},"loc":{"start":{"line":20,"column":66},"end":{"line":33,"column":1}},"line":20},"4":{"name":"(anonymous_4)","decl":{"start":{"line":35,"column":25},"end":{"line":35,"column":26}},"loc":{"start":{"line":35,"column":69},"end":{"line":43,"column":1}},"line":35},"5":{"name":"(anonymous_5)","decl":{"start":{"line":45,"column":26},"end":{"line":45,"column":27}},"loc":{"start":{"line":46,"column":2},"end":{"line":46,"column":72}},"line":46}},"branchMap":{"0":{"loc":{"start":{"line":14,"column":6},"end":{"line":15,"column":27}},"type":"if","locations":[{"start":{"line":14,"column":6},"end":{"line":15,"column":27}},{"start":{"line":15,"column":11},"end":{"line":15,"column":27}}],"line":14},"1":{"loc":{"start":{"line":20,"column":42},"end":{"line":20,"column":61}},"type":"default-arg","locations":[{"start":{"line":20,"column":51},"end":{"line":20,"column":61}}],"line":20},"2":{"loc":{"start":{"line":35,"column":40},"end":{"line":35,"column":64}},"type":"default-arg","locations":[{"start":{"line":35,"column":49},"end":{"line":35,"column":64}}],"line":35},"3":{"loc":{"start":{"line":45,"column":37},"end":{"line":45,"column":59}},"type":"default-arg","locations":[{"start":{"line":45,"column":52},"end":{"line":45,"column":59}}],"line":45}},"s":{"0":5,"1":5,"2":3,"3":3,"4":3,"5":1,"6":2,"7":3,"8":5,"9":2,"10":2,"11":1,"12":5,"13":1,"14":1,"15":5,"16":2},"f":{"0":3,"1":3,"2":3,"3":2,"4":1,"5":2},"b":{"0":[1,2],"1":[1],"2":[0],"3":[1]},"inputSourceMap":null,"_coverageSchema":"1a1c01bbd47fc00a2c39e90264f33305004495a9","hash":"833b6060f4e72ad0ea38da8c9ee5445d1e88cafe"}
,"C:\\Users\\manua\\Desktop\\Utad\\3º(España)\\ProgramacionWebII\\proyecto\\src\\utils\\appError.js": {"path":"C:\\Users\\manua\\Desktop\\Utad\\3º(España)\\ProgramacionWebII\\proyecto\\src\\utils\\appError.js","statementMap":{"0":{"start":{"line":3,"column":4},"end":{"line":3,"column":19}},"1":{"start":{"line":4,"column":4},"end":{"line":4,"column":33}},"2":{"start":{"line":5,"column":4},"end":{"line":5,"column":30}},"3":{"start":{"line":8,"column":27},"end":{"line":8,"column":57}},"4":{"start":{"line":9,"column":29},"end":{"line":9,"column":59}},"5":{"start":{"line":10,"column":26},"end":{"line":10,"column":56}},"6":{"start":{"line":11,"column":25},"end":{"line":11,"column":55}},"7":{"start":{"line":12,"column":25},"end":{"line":12,"column":55}},"8":{"start":{"line":13,"column":24},"end":{"line":13,"column":54}},"9":{"start":{"line":14,"column":56},"end":{"line":14,"column":86}}},"fnMap":{"0":{"name":"(anonymous_0)","decl":{"start":{"line":2,"column":2},"end":{"line":2,"column":3}},"loc":{"start":{"line":2,"column":35},"end":{"line":6,"column":3}},"line":2},"1":{"name":"(anonymous_1)","decl":{"start":{"line":8,"column":2},"end":{"line":8,"column":3}},"loc":{"start":{"line":8,"column":25},"end":{"line":8,"column":59}},"line":8},"2":{"name":"(anonymous_2)","decl":{"start":{"line":9,"column":2},"end":{"line":9,"column":3}},"loc":{"start":{"line":9,"column":27},"end":{"line":9,"column":61}},"line":9},"3":{"name":"(anonymous_3)","decl":{"start":{"line":10,"column":2},"end":{"line":10,"column":3}},"loc":{"start":{"line":10,"column":24},"end":{"line":10,"column":58}},"line":10},"4":{"name":"(anonymous_4)","decl":{"start":{"line":11,"column":2},"end":{"line":11,"column":3}},"loc":{"start":{"line":11,"column":23},"end":{"line":11,"column":57}},"line":11},"5":{"name":"(anonymous_5)","decl":{"start":{"line":12,"column":2},"end":{"line":12,"column":3}},"loc":{"start":{"line":12,"column":23},"end":{"line":12,"column":57}},"line":12},"6":{"name":"(anonymous_6)","decl":{"start":{"line":13,"column":2},"end":{"line":13,"column":3}},"loc":{"start":{"line":13,"column":22},"end":{"line":13,"column":56}},"line":13},"7":{"name":"(anonymous_7)","decl":{"start":{"line":14,"column":2},"end":{"line":14,"column":3}},"loc":{"start":{"line":14,"column":54},"end":{"line":14,"column":88}},"line":14}},"branchMap":{"0":{"loc":{"start":{"line":14,"column":18},"end":{"line":14,"column":52}},"type":"default-arg","locations":[{"start":{"line":14,"column":24},"end":{"line":14,"column":52}}],"line":14}},"s":{"0":46,"1":46,"2":46,"3":10,"4":7,"5":2,"6":18,"7":4,"8":2,"9":2},"f":{"0":46,"1":10,"2":7,"3":2,"4":18,"5":4,"6":2,"7":2},"b":{"0":[1]},"inputSourceMap":null,"_coverageSchema":"1a1c01bbd47fc00a2c39e90264f33305004495a9","hash":"b4708c79ebe7090649612da5f1c36ed98a0b8df5"}
,"C:\\Users\\manua\\Desktop\\Utad\\3º(España)\\ProgramacionWebII\\proyecto\\src\\utils\\jwt.js": {"path":"C:\\Users\\manua\\Desktop\\Utad\\3º(España)\\ProgramacionWebII\\proyecto\\src\\utils\\jwt.js","statementMap":{"0":{"start":{"line":3,"column":25},"end":{"line":7,"column":1}},"1":{"start":{"line":4,"column":2},"end":{"line":6,"column":5}},"2":{"start":{"line":9,"column":32},"end":{"line":13,"column":1}},"3":{"start":{"line":10,"column":2},"end":{"line":12,"column":5}},"4":{"start":{"line":15,"column":27},"end":{"line":17,"column":1}},"5":{"start":{"line":16,"column":2},"end":{"line":16,"column":51}},"6":{"start":{"line":19,"column":34},"end":{"line":21,"column":1}},"7":{"start":{"line":20,"column":2},"end":{"line":20,"column":59}}},"fnMap":{"0":{"name":"(anonymous_0)","decl":{"start":{"line":3,"column":25},"end":{"line":3,"column":26}},"loc":{"start":{"line":3,"column":38},"end":{"line":7,"column":1}},"line":3},"1":{"name":"(anonymous_1)","decl":{"start":{"line":9,"column":32},"end":{"line":9,"column":33}},"loc":{"start":{"line":9,"column":45},"end":{"line":13,"column":1}},"line":9},"2":{"name":"(anonymous_2)","decl":{"start":{"line":15,"column":27},"end":{"line":15,"column":28}},"loc":{"start":{"line":15,"column":38},"end":{"line":17,"column":1}},"line":15},"3":{"name":"(anonymous_3)","decl":{"start":{"line":19,"column":34},"end":{"line":19,"column":35}},"loc":{"start":{"line":19,"column":45},"end":{"line":21,"column":1}},"line":19}},"branchMap":{},"s":{"0":4,"1":26,"2":4,"3":25,"4":4,"5":87,"6":4,"7":1},"f":{"0":26,"1":25,"2":87,"3":1},"b":{},"inputSourceMap":null,"_coverageSchema":"1a1c01bbd47fc00a2c39e90264f33305004495a9","hash":"1627e6d98aaaa4a7b5563e9c8cf5382235c781b5"}
,"C:\\Users\\manua\\Desktop\\Utad\\3º(España)\\ProgramacionWebII\\proyecto\\src\\validators\\client.validator.js": {"path":"C:\\Users\\manua\\Desktop\\Utad\\3º(España)\\ProgramacionWebII\\proyecto\\src\\validators\\client.validator.js","statementMap":{"0":{"start":{"line":3,"column":22},"end":{"line":9,"column":13}},"1":{"start":{"line":11,"column":34},"end":{"line":17,"column":2}},"2":{"start":{"line":19,"column":34},"end":{"line":19,"column":62}}},"fnMap":{},"branchMap":{},"s":{"0":4,"1":4,"2":4},"f":{},"b":{},"inputSourceMap":null,"_coverageSchema":"1a1c01bbd47fc00a2c39e90264f33305004495a9","hash":"5ab1a19cd41934b2bcd11b3bbaa6c5ddb5f6749e"}
,"C:\\Users\\manua\\Desktop\\Utad\\3º(España)\\ProgramacionWebII\\proyecto\\src\\validators\\deliverynote.validator.js": {"path":"C:\\Users\\manua\\Desktop\\Utad\\3º(España)\\ProgramacionWebII\\proyecto\\src\\validators\\deliverynote.validator.js","statementMap":{"0":{"start":{"line":3,"column":21},"end":{"line":6,"column":2}},"1":{"start":{"line":8,"column":40},"end":{"line":31,"column":2}},"2":{"start":{"line":28,"column":12},"end":{"line":28,"column":75}}},"fnMap":{"0":{"name":"(anonymous_0)","decl":{"start":{"line":28,"column":4},"end":{"line":28,"column":5}},"loc":{"start":{"line":28,"column":12},"end":{"line":28,"column":75}},"line":28}},"branchMap":{"0":{"loc":{"start":{"line":28,"column":12},"end":{"line":28,"column":75}},"type":"binary-expr","locations":[{"start":{"line":28,"column":12},"end":{"line":28,"column":30}},{"start":{"line":28,"column":35},"end":{"line":28,"column":47}},{"start":{"line":28,"column":51},"end":{"line":28,"column":74}}],"line":28}},"s":{"0":4,"1":4,"2":4},"f":{"0":4},"b":{"0":[4,3,2]},"inputSourceMap":null,"_coverageSchema":"1a1c01bbd47fc00a2c39e90264f33305004495a9","hash":"c9440adce3106c83a902ceb18ba71a3c17c11eb3"}
,"C:\\Users\\manua\\Desktop\\Utad\\3º(España)\\ProgramacionWebII\\proyecto\\src\\validators\\project.validator.js": {"path":"C:\\Users\\manua\\Desktop\\Utad\\3º(España)\\ProgramacionWebII\\proyecto\\src\\validators\\project.validator.js","statementMap":{"0":{"start":{"line":3,"column":22},"end":{"line":9,"column":13}},"1":{"start":{"line":11,"column":35},"end":{"line":18,"column":2}},"2":{"start":{"line":20,"column":35},"end":{"line":20,"column":64}}},"fnMap":{},"branchMap":{},"s":{"0":4,"1":4,"2":4},"f":{},"b":{},"inputSourceMap":null,"_coverageSchema":"1a1c01bbd47fc00a2c39e90264f33305004495a9","hash":"3f671387173cd04bd95428c29fe62f2b6d72e202"}
,"C:\\Users\\manua\\Desktop\\Utad\\3º(España)\\ProgramacionWebII\\proyecto\\src\\validators\\user.validator.js": {"path":"C:\\Users\\manua\\Desktop\\Utad\\3º(España)\\ProgramacionWebII\\proyecto\\src\\validators\\user.validator.js","statementMap":{"0":{"start":{"line":3,"column":30},"end":{"line":12,"column":2}},"1":{"start":{"line":7,"column":24},"end":{"line":7,"column":41}},"2":{"start":{"line":14,"column":36},"end":{"line":16,"column":2}},"3":{"start":{"line":17,"column":27},"end":{"line":20,"column":2}},"4":{"start":{"line":18,"column":47},"end":{"line":18,"column":64}},"5":{"start":{"line":21,"column":34},"end":{"line":25,"column":2}},"6":{"start":{"line":26,"column":29},"end":{"line":37,"column":2}},"7":{"start":{"line":39,"column":36},"end":{"line":45,"column":2}},"8":{"start":{"line":42,"column":18},"end":{"line":42,"column":59}},"9":{"start":{"line":46,"column":32},"end":{"line":50,"column":2}},"10":{"start":{"line":47,"column":43},"end":{"line":47,"column":65}}},"fnMap":{"0":{"name":"(anonymous_0)","decl":{"start":{"line":7,"column":15},"end":{"line":7,"column":16}},"loc":{"start":{"line":7,"column":24},"end":{"line":7,"column":41}},"line":7},"1":{"name":"(anonymous_1)","decl":{"start":{"line":18,"column":38},"end":{"line":18,"column":39}},"loc":{"start":{"line":18,"column":47},"end":{"line":18,"column":64}},"line":18},"2":{"name":"(anonymous_2)","decl":{"start":{"line":42,"column":10},"end":{"line":42,"column":11}},"loc":{"start":{"line":42,"column":18},"end":{"line":42,"column":59}},"line":42},"3":{"name":"(anonymous_3)","decl":{"start":{"line":47,"column":38},"end":{"line":47,"column":39}},"loc":{"start":{"line":47,"column":43},"end":{"line":47,"column":65}},"line":47}},"branchMap":{},"s":{"0":4,"1":23,"2":4,"3":4,"4":6,"5":4,"6":4,"7":4,"8":3,"9":4,"10":3},"f":{"0":23,"1":6,"2":3,"3":3},"b":{},"inputSourceMap":null,"_coverageSchema":"1a1c01bbd47fc00a2c39e90264f33305004495a9","hash":"07ed019c768f71f22b4a790ee6a362b73f1813de"}
,"C:\\Users\\manua\\Desktop\\Utad\\3º(España)\\ProgramacionWebII\\proyecto\\tests\\helpers.js": {"path":"C:\\Users\\manua\\Desktop\\Utad\\3º(España)\\ProgramacionWebII\\proyecto\\tests\\helpers.js","statementMap":{"0":{"start":{"line":4,"column":19},"end":{"line":4,"column":31}},"1":{"start":{"line":6,"column":32},"end":{"line":14,"column":1}},"2":{"start":{"line":7,"column":2},"end":{"line":7,"column":65}},"3":{"start":{"line":8,"column":14},"end":{"line":8,"column":73}},"4":{"start":{"line":9,"column":2},"end":{"line":13,"column":4}},"5":{"start":{"line":16,"column":28},"end":{"line":27,"column":1}},"6":{"start":{"line":17,"column":14},"end":{"line":25,"column":6}},"7":{"start":{"line":26,"column":2},"end":{"line":26,"column":26}}},"fnMap":{"0":{"name":"(anonymous_0)","decl":{"start":{"line":6,"column":32},"end":{"line":6,"column":33}},"loc":{"start":{"line":6,"column":93},"end":{"line":14,"column":1}},"line":6},"1":{"name":"(anonymous_1)","decl":{"start":{"line":16,"column":28},"end":{"line":16,"column":29}},"loc":{"start":{"line":16,"column":61},"end":{"line":27,"column":1}},"line":16}},"branchMap":{"0":{"loc":{"start":{"line":6,"column":39},"end":{"line":6,"column":62}},"type":"default-arg","locations":[{"start":{"line":6,"column":47},"end":{"line":6,"column":62}}],"line":6},"1":{"loc":{"start":{"line":6,"column":64},"end":{"line":6,"column":88}},"type":"default-arg","locations":[{"start":{"line":6,"column":75},"end":{"line":6,"column":88}}],"line":6},"2":{"loc":{"start":{"line":16,"column":42},"end":{"line":16,"column":56}},"type":"default-arg","locations":[{"start":{"line":16,"column":54},"end":{"line":16,"column":56}}],"line":16}},"s":{"0":4,"1":4,"2":3,"3":3,"4":3,"5":4,"6":3,"7":3},"f":{"0":3,"1":3},"b":{"0":[0],"1":[0],"2":[1]},"inputSourceMap":null,"_coverageSchema":"1a1c01bbd47fc00a2c39e90264f33305004495a9","hash":"a08bbebf7befd02cb6ec5b3e1a2121d56b834461"}
}
