TN:
SF:src\app.js
FN:39,(anonymous_0)
FN:58,(anonymous_1)
FN:62,(anonymous_2)
FNF:3
FNH:3
FNDA:1,(anonymous_0)
FNDA:1,(anonymous_1)
FNDA:37,(anonymous_2)
DA:19,4
DA:20,4
DA:23,4
DA:25,4
DA:27,4
DA:29,4
DA:35,4
DA:37,4
DA:39,4
DA:40,1
DA:41,1
DA:49,4
DA:51,4
DA:53,4
DA:54,4
DA:55,4
DA:56,4
DA:58,4
DA:59,1
DA:62,4
DA:64,37
DA:65,1
DA:66,1
DA:69,36
DA:70,36
DA:72,36
DA:73,1
DA:76,36
LF:28
LH:28
BRDA:43,0,0,1
BRDA:43,0,1,0
BRDA:64,1,0,1
BRDA:64,1,1,36
BRDA:65,2,0,1
BRDA:65,2,1,0
BRDA:65,3,0,1
BRDA:65,3,1,0
BRDA:69,4,0,36
BRDA:69,4,1,1
BRDA:70,5,0,36
BRDA:70,5,1,0
BRDA:72,6,0,1
BRDA:72,6,1,35
BRDA:79,7,0,36
BRDA:79,7,1,1
BRF:16
BRH:12
end_of_record
TN:
SF:src\socket.js
FN:7,(anonymous_0)
FN:13,(anonymous_1)
FN:29,(anonymous_2)
FN:37,(anonymous_3)
FN:44,(anonymous_4)
FN:48,(anonymous_5)
FN:48,(anonymous_6)
FNF:7
FNH:6
FNDA:1,(anonymous_0)
FNDA:5,(anonymous_1)
FNDA:2,(anonymous_2)
FNDA:0,(anonymous_3)
FNDA:12,(anonymous_4)
FNDA:10,(anonymous_5)
FNDA:10,(anonymous_6)
DA:7,5
DA:8,1
DA:13,1
DA:14,5
DA:15,5
DA:16,5
DA:18,4
DA:19,3
DA:20,3
DA:22,1
DA:23,1
DA:25,1
DA:29,1
DA:30,2
DA:33,2
DA:34,1
DA:37,2
DA:40,1
DA:44,5
DA:45,12
DA:47,11
DA:48,10
DA:50,1
DA:52,1
LF:24
LH:24
BRDA:16,0,0,1
BRDA:16,0,1,4
BRDA:20,1,0,2
BRDA:20,1,1,1
BRDA:20,2,0,3
BRDA:20,2,1,2
BRDA:33,3,0,1
BRDA:33,3,1,1
BRDA:45,4,0,11
BRDA:45,4,1,1
BRDA:47,5,0,10
BRDA:47,5,1,1
BRF:12
BRH:12
end_of_record
TN:
SF:src\config\index.js
FNF:0
FNH:0
DA:1,5
LF:1
LH:1
BRDA:2,0,0,5
BRDA:2,0,1,5
BRDA:6,1,0,5
BRDA:6,1,1,0
BRDA:7,2,0,5
BRDA:7,2,1,0
BRDA:9,3,0,5
BRDA:9,3,1,5
BRDA:10,4,0,5
BRDA:10,4,1,5
BRDA:13,5,0,5
BRDA:13,5,1,5
BRF:12
BRH:10
end_of_record
TN:
SF:src\config\swagger.js
FNF:0
FNH:0
DA:3,4
DA:132,4
LF:2
LH:2
BRF:0
BRH:0
end_of_record
TN:
SF:src\controllers\client.controller.js
FN:5,(anonymous_0)
FN:25,(anonymous_1)
FN:53,(anonymous_2)
FN:64,(anonymous_3)
FN:81,(anonymous_4)
FN:105,(anonymous_5)
FN:115,(anonymous_6)
FNF:7
FNH:7
FNDA:5,(anonymous_0)
FNDA:3,(anonymous_1)
FNDA:2,(anonymous_2)
FNDA:2,(anonymous_3)
FNDA:4,(anonymous_4)
FNDA:1,(anonymous_5)
FNDA:2,(anonymous_6)
DA:5,4
DA:6,5
DA:7,5
DA:8,5
DA:10,5
DA:12,5
DA:13,5
DA:15,4
DA:17,4
DA:19,4
DA:21,1
DA:25,4
DA:26,3
DA:27,3
DA:28,3
DA:30,3
DA:32,3
DA:33,3
DA:35,3
DA:37,3
DA:42,3
DA:49,0
DA:53,4
DA:54,2
DA:55,2
DA:56,2
DA:57,2
DA:58,1
DA:60,1
DA:64,4
DA:65,2
DA:66,2
DA:68,2
DA:73,2
DA:75,1
DA:77,1
DA:81,4
DA:82,4
DA:83,4
DA:84,4
DA:86,4
DA:87,2
DA:92,2
DA:93,1
DA:96,2
DA:97,2
DA:99,1
DA:101,2
DA:105,4
DA:106,1
DA:107,1
DA:108,1
DA:109,1
DA:111,0
DA:115,4
DA:116,2
DA:117,2
DA:118,2
DA:123,2
DA:124,1
DA:126,1
LF:61
LH:59
BRDA:10,0,0,0
BRDA:10,0,1,5
BRDA:13,1,0,1
BRDA:13,1,1,4
BRDA:28,2,0,0
BRDA:28,2,1,3
BRDA:30,3,0,3
BRDA:30,4,0,3
BRDA:30,5,0,3
BRDA:33,6,0,1
BRDA:33,6,1,2
BRDA:57,7,0,1
BRDA:57,7,1,1
BRDA:73,8,0,1
BRDA:73,8,1,1
BRDA:86,9,0,2
BRDA:86,9,1,2
BRDA:92,10,0,1
BRDA:92,10,1,1
BRDA:97,11,0,1
BRDA:97,11,1,1
BRDA:123,12,0,1
BRDA:123,12,1,1
BRF:23
BRH:21
end_of_record
TN:
SF:src\controllers\deliverynote.controller.js
FN:10,(anonymous_0)
FN:35,(anonymous_1)
FN:81,(anonymous_2)
FN:98,(anonymous_3)
FN:117,(anonymous_4)
FN:162,(anonymous_5)
FNF:6
FNH:5
FNDA:4,(anonymous_0)
FNDA:7,(anonymous_1)
FNDA:3,(anonymous_2)
FNDA:3,(anonymous_3)
FNDA:0,(anonymous_4)
FNDA:2,(anonymous_5)
DA:10,4
DA:11,4
DA:12,4
DA:13,4
DA:15,4
DA:17,4
DA:22,4
DA:23,3
DA:25,3
DA:27,3
DA:29,2
DA:31,2
DA:35,4
DA:36,7
DA:37,7
DA:38,7
DA:45,7
DA:47,7
DA:48,7
DA:49,7
DA:50,7
DA:51,7
DA:52,7
DA:53,2
DA:54,2
DA:55,2
DA:58,7
DA:60,7
DA:70,7
DA:77,0
DA:81,4
DA:82,3
DA:83,3
DA:85,3
DA:90,3
DA:92,1
DA:94,2
DA:98,4
DA:99,3
DA:100,3
DA:102,3
DA:103,3
DA:105,2
DA:106,1
DA:109,1
DA:111,1
DA:113,2
DA:117,4
DA:118,0
DA:119,0
DA:120,0
DA:122,0
DA:128,0
DA:129,0
DA:132,0
DA:137,0
DA:140,0
DA:141,0
DA:142,0
DA:145,0
DA:146,0
DA:148,0
DA:149,0
DA:151,0
DA:156,0
DA:158,0
DA:162,4
DA:163,2
DA:164,2
DA:166,2
DA:172,2
DA:175,1
DA:176,0
DA:180,1
DA:182,1
DA:187,1
DA:189,1
LF:77
LH:57
BRDA:13,0,0,0
BRDA:13,0,1,4
BRDA:22,1,0,1
BRDA:22,1,1,3
BRDA:23,2,0,0
BRDA:23,2,1,3
BRDA:38,3,0,0
BRDA:38,3,1,7
BRDA:41,4,0,7
BRDA:41,5,0,7
BRDA:44,6,0,7
BRDA:48,7,0,1
BRDA:48,7,1,6
BRDA:49,8,0,1
BRDA:49,8,1,6
BRDA:50,9,0,1
BRDA:50,9,1,6
BRDA:51,10,0,1
BRDA:51,10,1,6
BRDA:52,11,0,2
BRDA:52,11,1,5
BRDA:52,12,0,7
BRDA:52,12,1,5
BRDA:54,13,0,2
BRDA:54,13,1,0
BRDA:55,14,0,1
BRDA:55,14,1,1
BRDA:90,15,0,2
BRDA:90,15,1,1
BRDA:103,16,0,1
BRDA:103,16,1,2
BRDA:105,17,0,1
BRDA:105,17,1,1
BRDA:120,18,0,0
BRDA:120,18,1,0
BRDA:128,19,0,0
BRDA:128,19,1,0
BRDA:129,20,0,0
BRDA:129,20,1,0
BRDA:172,21,0,1
BRDA:172,21,1,1
BRDA:175,22,0,0
BRDA:175,22,1,1
BRDA:175,23,0,1
BRDA:175,23,1,0
BRF:45
BRH:33
end_of_record
TN:
SF:src\controllers\project.controller.js
FN:6,(anonymous_0)
FN:29,(anonymous_1)
FN:59,(anonymous_2)
FN:71,(anonymous_3)
FN:93,(anonymous_4)
FN:117,(anonymous_5)
FN:127,(anonymous_6)
FNF:7
FNH:7
FNDA:5,(anonymous_0)
FNDA:5,(anonymous_1)
FNDA:2,(anonymous_2)
FNDA:4,(anonymous_3)
FNDA:3,(anonymous_4)
FNDA:1,(anonymous_5)
FNDA:2,(anonymous_6)
DA:6,4
DA:7,5
DA:8,5
DA:9,5
DA:11,5
DA:13,5
DA:14,5
DA:16,4
DA:17,4
DA:19,3
DA:21,3
DA:23,3
DA:25,2
DA:29,4
DA:30,5
DA:31,5
DA:32,5
DA:34,5
DA:36,5
DA:37,5
DA:38,5
DA:39,5
DA:41,5
DA:43,5
DA:48,5
DA:55,0
DA:59,4
DA:60,2
DA:61,2
DA:62,2
DA:64,2
DA:65,1
DA:67,1
DA:71,4
DA:72,4
DA:73,4
DA:75,4
DA:76,2
DA:77,2
DA:80,3
DA:85,3
DA:87,2
DA:89,2
DA:93,4
DA:94,3
DA:95,3
DA:96,3
DA:98,3
DA:99,1
DA:104,1
DA:105,1
DA:108,2
DA:109,2
DA:111,1
DA:113,1
DA:117,4
DA:118,1
DA:119,1
DA:120,1
DA:121,1
DA:123,0
DA:127,4
DA:128,2
DA:129,2
DA:130,2
DA:135,2
DA:136,1
DA:138,1
LF:68
LH:66
BRDA:11,0,0,0
BRDA:11,0,1,5
BRDA:14,1,0,1
BRDA:14,1,1,4
BRDA:17,2,0,1
BRDA:17,2,1,3
BRDA:32,3,0,0
BRDA:32,3,1,5
BRDA:34,4,0,5
BRDA:34,5,0,5
BRDA:34,6,0,5
BRDA:37,7,0,1
BRDA:37,7,1,4
BRDA:38,8,0,1
BRDA:38,8,1,4
BRDA:39,9,0,2
BRDA:39,9,1,3
BRDA:64,10,0,1
BRDA:64,10,1,1
BRDA:75,11,0,2
BRDA:75,11,1,2
BRDA:77,12,0,1
BRDA:77,12,1,1
BRDA:85,13,0,1
BRDA:85,13,1,2
BRDA:98,14,0,1
BRDA:98,14,1,2
BRDA:104,15,0,0
BRDA:104,15,1,1
BRDA:109,16,0,1
BRDA:109,16,1,1
BRDA:135,17,0,1
BRDA:135,17,1,1
BRF:33
BRH:30
end_of_record
TN:
SF:src\controllers\user.controller.js
FN:11,(anonymous_0)
FN:35,(anonymous_1)
FN:47,(anonymous_2)
FN:74,(anonymous_3)
FN:101,(anonymous_4)
FN:119,(anonymous_5)
FN:170,(anonymous_6)
FN:191,(anonymous_7)
FN:199,(anonymous_8)
FN:216,(anonymous_9)
FN:225,(anonymous_10)
FN:259,(anonymous_11)
FN:286,(anonymous_12)
FN:320,(anonymous_13)
FNF:14
FNH:12
FNDA:22,(anonymous_0)
FNDA:12,(anonymous_1)
FNDA:3,(anonymous_2)
FNDA:6,(anonymous_3)
FNDA:3,(anonymous_4)
FNDA:8,(anonymous_5)
FNDA:0,(anonymous_6)
FNDA:1,(anonymous_7)
FNDA:3,(anonymous_8)
FNDA:1,(anonymous_9)
FNDA:2,(anonymous_10)
FNDA:2,(anonymous_11)
FNDA:3,(anonymous_12)
FNDA:0,(anonymous_13)
DA:11,4
DA:12,22
DA:13,22
DA:15,22
DA:16,22
DA:18,22
DA:20,22
DA:22,22
DA:29,21
DA:30,21
DA:32,21
DA:34,21
DA:35,21
DA:37,21
DA:44,1
DA:47,4
DA:48,3
DA:49,3
DA:50,3
DA:52,3
DA:53,1
DA:56,2
DA:57,1
DA:58,1
DA:59,1
DA:62,1
DA:63,1
DA:64,1
DA:66,1
DA:68,1
DA:71,2
DA:74,4
DA:75,6
DA:76,6
DA:78,6
DA:79,6
DA:81,5
DA:82,5
DA:84,4
DA:85,4
DA:87,4
DA:89,4
DA:91,4
DA:98,2
DA:101,4
DA:102,3
DA:103,3
DA:105,3
DA:111,3
DA:114,0
DA:119,4
DA:120,8
DA:121,8
DA:122,8
DA:126,8
DA:128,1
DA:139,1
DA:142,7
DA:144,7
DA:146,2
DA:147,2
DA:150,5
DA:157,5
DA:161,8
DA:162,8
DA:164,8
DA:167,0
DA:170,4
DA:171,0
DA:172,0
DA:174,0
DA:175,0
DA:177,0
DA:179,0
DA:185,0
DA:188,0
DA:191,4
DA:192,1
DA:193,1
DA:194,1
DA:196,0
DA:199,4
DA:200,3
DA:201,3
DA:202,3
DA:204,2
DA:205,2
DA:207,1
DA:208,1
DA:210,1
DA:212,2
DA:216,4
DA:217,1
DA:218,1
DA:219,1
DA:220,1
DA:222,0
DA:225,4
DA:226,2
DA:227,2
DA:228,2
DA:230,2
DA:232,1
DA:238,1
DA:240,1
DA:247,1
DA:249,1
DA:251,1
DA:256,0
DA:259,4
DA:260,2
DA:261,2
DA:262,2
DA:265,2
DA:266,2
DA:269,2
DA:270,2
DA:273,1
DA:274,1
DA:276,1
DA:278,1
DA:280,1
DA:283,1
DA:286,4
DA:287,3
DA:288,3
DA:290,3
DA:291,1
DA:294,2
DA:296,2
DA:297,2
DA:298,1
DA:301,1
DA:304,1
DA:305,1
DA:307,1
DA:319,1
DA:320,1
DA:322,1
DA:332,2
LF:140
LH:127
BRDA:16,0,0,0
BRDA:16,0,1,22
BRDA:52,1,0,1
BRDA:52,1,1,2
BRDA:56,2,0,1
BRDA:56,2,1,1
BRDA:79,3,0,1
BRDA:79,3,1,5
BRDA:82,4,0,1
BRDA:82,4,1,4
BRDA:126,5,0,1
BRDA:126,5,1,7
BRDA:144,6,0,2
BRDA:144,6,1,5
BRDA:172,7,0,0
BRDA:172,7,1,0
BRDA:175,8,0,0
BRDA:175,8,1,0
BRDA:202,9,0,1
BRDA:202,9,1,2
BRDA:205,10,0,1
BRDA:205,10,1,1
BRDA:230,11,0,1
BRDA:230,11,1,1
BRDA:266,12,0,0
BRDA:266,12,1,2
BRDA:270,13,0,1
BRDA:270,13,1,1
BRDA:290,14,0,1
BRDA:290,14,1,2
BRDA:297,15,0,1
BRDA:297,15,1,1
BRF:32
BRH:26
end_of_record
TN:
SF:src\middleware\auth.middleware.js
FN:5,(anonymous_0)
FNF:1
FNH:1
FNDA:88,(anonymous_0)
DA:5,4
DA:6,88
DA:7,88
DA:8,88
DA:9,1
DA:12,87
DA:13,87
DA:15,87
DA:16,87
DA:18,87
DA:19,87
DA:21,1
LF:12
LH:12
BRDA:8,0,0,1
BRDA:8,0,1,87
BRDA:8,1,0,88
BRDA:8,1,1,87
BRDA:16,2,0,0
BRDA:16,2,1,87
BRDA:16,3,0,87
BRDA:16,3,1,87
BRF:8
BRH:7
end_of_record
TN:
SF:src\middleware\upload.js
FN:3,(anonymous_0)
FNF:1
FNH:1
FNDA:5,(anonymous_0)
DA:3,5
DA:4,5
DA:5,5
DA:6,3
DA:8,2
DA:14,5
LF:6
LH:6
BRDA:5,0,0,3
BRDA:5,0,1,2
BRF:2
BRH:2
end_of_record
TN:
SF:src\middleware\validate.js
FN:4,(anonymous_0)
FN:4,(anonymous_1)
FN:10,(anonymous_2)
FNF:3
FNH:3
FNDA:51,(anonymous_0)
FNDA:75,(anonymous_1)
FNDA:7,(anonymous_2)
DA:4,51
DA:5,75
DA:6,75
DA:7,68
DA:9,7
DA:10,7
DA:11,6
DA:13,1
LF:8
LH:8
BRDA:9,0,0,6
BRDA:9,0,1,1
BRF:2
BRH:2
end_of_record
TN:
SF:src\models\client.js
FNF:0
FNH:0
DA:3,4
DA:14,4
DA:57,4
DA:58,4
DA:60,4
LF:5
LH:5
BRF:0
BRH:0
end_of_record
TN:
SF:src\models\company.js
FNF:0
FNH:0
DA:3,4
DA:46,4
LF:2
LH:2
BRF:0
BRH:0
end_of_record
TN:
SF:src\models\deliverynote.js
FNF:0
FNH:0
DA:3,4
DA:11,4
DA:72,4
DA:73,4
DA:74,4
DA:75,4
DA:77,4
LF:7
LH:7
BRF:0
BRH:0
end_of_record
TN:
SF:src\models\project.js
FNF:0
FNH:0
DA:3,4
DA:14,4
DA:66,4
DA:67,4
DA:68,4
DA:70,4
LF:6
LH:6
BRF:0
BRH:0
end_of_record
TN:
SF:src\models\refreshToken.js
FNF:0
FNH:0
DA:3,4
DA:11,4
LF:2
LH:2
BRF:0
BRH:0
end_of_record
TN:
SF:src\models\user.js
FN:77,(anonymous_0)
FNF:1
FNH:1
FNDA:5,(anonymous_0)
DA:3,4
DA:73,4
DA:74,4
DA:75,4
DA:77,4
DA:78,5
DA:81,4
LF:7
LH:7
BRF:0
BRH:0
end_of_record
TN:
SF:src\routes\client.routes.js
FNF:0
FNH:0
DA:10,4
DA:11,4
DA:47,4
DA:59,4
DA:84,4
DA:111,4
DA:134,4
DA:157,4
DA:176,4
LF:9
LH:9
BRF:0
BRH:0
end_of_record
TN:
SF:src\routes\deliverynote.routes.js
FNF:0
FNH:0
DA:11,4
DA:12,4
DA:38,4
DA:90,4
DA:115,4
DA:153,4
DA:185,4
DA:206,4
LF:8
LH:8
BRF:0
BRH:0
end_of_record
TN:
SF:src\routes\project.routes.js
FNF:0
FNH:0
DA:10,4
DA:11,4
DA:53,4
DA:65,4
DA:90,4
DA:120,4
DA:143,4
DA:163,4
DA:180,4
LF:9
LH:9
BRF:0
BRH:0
end_of_record
TN:
SF:src\routes\user.routes.js
FNF:0
FNH:0
DA:8,4
DA:36,4
DA:59,4
DA:84,4
DA:107,4
DA:130,4
DA:152,4
DA:170,4
DA:194,4
DA:214,4
DA:231,4
DA:255,4
DA:280,4
LF:13
LH:13
BRF:0
BRH:0
end_of_record
TN:
SF:src\services\logger.service.js
FN:1,(anonymous_0)
FN:28,(anonymous_1)
FNF:2
FNH:2
FNDA:6,(anonymous_0)
FNDA:1,(anonymous_1)
DA:1,5
DA:2,6
DA:3,6
DA:5,4
DA:24,4
LF:5
LH:5
BRDA:3,0,0,2
BRDA:3,0,1,4
BRDA:14,1,0,4
BRDA:14,1,1,1
BRDA:15,2,0,4
BRDA:15,2,1,0
BRDA:16,3,0,3
BRDA:16,3,1,1
BRF:8
BRH:7
end_of_record
TN:
SF:src\services\mail.service.js
FN:13,(anonymous_0)
FN:22,(anonymous_1)
FN:34,(anonymous_2)
FNF:3
FNH:3
FNDA:22,(anonymous_0)
FNDA:21,(anonymous_1)
FNDA:1,(anonymous_2)
DA:4,4
DA:13,4
DA:14,22
DA:22,4
DA:23,21
DA:34,4
DA:35,1
LF:7
LH:7
BRF:0
BRH:0
end_of_record
TN:
SF:src\services\notification.service.js
FN:6,(anonymous_0)
FN:10,(anonymous_1)
FN:14,(anonymous_2)
FN:18,(anonymous_3)
FNF:4
FNH:4
FNDA:21,(anonymous_0)
FNDA:1,(anonymous_1)
FNDA:1,(anonymous_2)
FNDA:2,(anonymous_3)
DA:3,4
DA:6,4
DA:7,21
DA:10,4
DA:11,1
DA:14,4
DA:15,1
DA:18,4
DA:19,2
LF:9
LH:9
BRF:0
BRH:0
end_of_record
TN:
SF:src\services\pdf.service.js
FN:3,(anonymous_0)
FN:6,(anonymous_1)
FN:10,(anonymous_2)
FN:21,(anonymous_3)
FN:26,(anonymous_4)
FN:32,(anonymous_5)
FN:33,(anonymous_6)
FN:37,(anonymous_7)
FN:38,(anonymous_8)
FN:91,(anonymous_9)
FNF:10
FNH:10
FNDA:9,(anonymous_0)
FNDA:49,(anonymous_1)
FNDA:41,(anonymous_2)
FNDA:119,(anonymous_3)
FNDA:24,(anonymous_4)
FNDA:8,(anonymous_5)
FNDA:8,(anonymous_6)
FNDA:520,(anonymous_7)
FNDA:8,(anonymous_8)
FNDA:10,(anonymous_9)
DA:3,5
DA:4,9
DA:6,5
DA:7,49
DA:10,5
DA:11,41
DA:17,41
DA:18,41
DA:21,5
DA:22,119
DA:26,5
DA:27,24
DA:28,16
DA:29,16
DA:32,5
DA:33,8
DA:34,8
DA:35,8
DA:37,520
DA:38,8
DA:39,8
DA:41,8
DA:44,8
DA:46,8
DA:50,8
DA:51,8
DA:54,8
DA:55,8
DA:56,8
DA:57,8
DA:60,8
DA:61,8
DA:62,8
DA:65,8
DA:66,8
DA:67,8
DA:68,8
DA:69,8
DA:72,8
DA:73,8
DA:74,8
DA:75,8
DA:76,8
DA:79,8
DA:80,8
DA:82,8
DA:83,2
DA:84,2
DA:86,6
DA:87,6
DA:89,6
DA:90,5
DA:91,5
DA:92,10
DA:98,8
DA:99,1
DA:100,1
DA:102,1
DA:103,0
DA:108,8
DA:112,8
LF:61
LH:60
BRDA:4,0,0,9
BRDA:4,0,1,0
BRDA:23,1,0,119
BRDA:23,1,1,12
BRDA:27,2,0,8
BRDA:27,2,1,16
BRDA:29,3,0,16
BRDA:29,3,1,1
BRDA:32,4,0,7
BRDA:48,5,0,6
BRDA:48,5,1,2
BRDA:61,6,0,8
BRDA:61,6,1,2
BRDA:61,7,0,8
BRDA:61,7,1,2
BRDA:76,8,0,5
BRDA:76,8,1,3
BRDA:80,9,0,7
BRDA:80,9,1,1
BRDA:82,10,0,2
BRDA:82,10,1,6
BRDA:86,11,0,6
BRDA:86,11,1,0
BRDA:89,12,0,5
BRDA:89,12,1,1
BRDA:98,13,0,1
BRDA:98,13,1,7
BRDA:102,14,0,0
BRDA:102,14,1,1
BRF:29
BRH:26
end_of_record
TN:
SF:src\services\storage.service.js
FN:11,(anonymous_0)
FN:12,(anonymous_1)
FN:13,(anonymous_2)
FN:20,(anonymous_3)
FN:35,(anonymous_4)
FN:45,(anonymous_5)
FNF:6
FNH:6
FNDA:3,(anonymous_0)
FNDA:3,(anonymous_1)
FNDA:3,(anonymous_2)
FNDA:2,(anonymous_3)
FNDA:1,(anonymous_4)
FNDA:2,(anonymous_5)
DA:5,5
DA:11,5
DA:12,3
DA:13,3
DA:14,3
DA:15,2
DA:17,3
DA:20,5
DA:21,2
DA:26,2
DA:32,1
DA:35,5
DA:36,1
DA:42,1
DA:45,5
DA:46,2
LF:16
LH:16
BRDA:14,0,0,1
BRDA:14,0,1,2
BRDA:20,1,0,1
BRDA:35,2,0,0
BRDA:45,3,0,1
BRF:5
BRH:4
end_of_record
TN:
SF:src\utils\appError.js
FN:2,(anonymous_0)
FN:8,(anonymous_1)
FN:9,(anonymous_2)
FN:10,(anonymous_3)
FN:11,(anonymous_4)
FN:12,(anonymous_5)
FN:13,(anonymous_6)
FN:14,(anonymous_7)
FNF:8
FNH:8
FNDA:46,(anonymous_0)
FNDA:10,(anonymous_1)
FNDA:7,(anonymous_2)
FNDA:2,(anonymous_3)
FNDA:18,(anonymous_4)
FNDA:4,(anonymous_5)
FNDA:2,(anonymous_6)
FNDA:2,(anonymous_7)
DA:3,46
DA:4,46
DA:5,46
DA:8,10
DA:9,7
DA:10,2
DA:11,18
DA:12,4
DA:13,2
DA:14,2
LF:10
LH:10
BRDA:14,0,0,1
BRF:1
BRH:1
end_of_record
TN:
SF:src\utils\jwt.js
FN:3,(anonymous_0)
FN:9,(anonymous_1)
FN:15,(anonymous_2)
FN:19,(anonymous_3)
FNF:4
FNH:4
FNDA:26,(anonymous_0)
FNDA:25,(anonymous_1)
FNDA:87,(anonymous_2)
FNDA:1,(anonymous_3)
DA:3,4
DA:4,26
DA:9,4
DA:10,25
DA:15,4
DA:16,87
DA:19,4
DA:20,1
LF:8
LH:8
BRF:0
BRH:0
end_of_record
TN:
SF:src\validators\client.validator.js
FNF:0
FNH:0
DA:3,4
DA:11,4
DA:19,4
LF:3
LH:3
BRF:0
BRH:0
end_of_record
TN:
SF:src\validators\deliverynote.validator.js
FN:28,(anonymous_0)
FNF:1
FNH:1
FNDA:4,(anonymous_0)
DA:3,4
DA:8,4
DA:28,4
LF:3
LH:3
BRDA:28,0,0,4
BRDA:28,0,1,3
BRDA:28,0,2,2
BRF:3
BRH:3
end_of_record
TN:
SF:src\validators\project.validator.js
FNF:0
FNH:0
DA:3,4
DA:11,4
DA:20,4
LF:3
LH:3
BRF:0
BRH:0
end_of_record
TN:
SF:src\validators\user.validator.js
FN:7,(anonymous_0)
FN:18,(anonymous_1)
FN:42,(anonymous_2)
FN:47,(anonymous_3)
FNF:4
FNH:4
FNDA:23,(anonymous_0)
FNDA:6,(anonymous_1)
FNDA:3,(anonymous_2)
FNDA:3,(anonymous_3)
DA:3,4
DA:7,23
DA:14,4
DA:17,4
DA:18,6
DA:21,4
DA:26,4
DA:39,4
DA:42,3
DA:46,4
DA:47,3
LF:11
LH:11
BRF:0
BRH:0
end_of_record
TN:
SF:tests\helpers.js
FN:6,(anonymous_0)
FN:16,(anonymous_1)
FNF:2
FNH:2
FNDA:3,(anonymous_0)
FNDA:3,(anonymous_1)
DA:4,4
DA:6,4
DA:7,3
DA:8,3
DA:9,3
DA:16,4
DA:17,3
DA:26,3
LF:8
LH:8
BRDA:6,0,0,0
BRDA:6,1,0,0
BRDA:16,2,0,1
BRF:3
BRH:1
end_of_record
